DEBUG::__main__C%3A%2FUsers%2Fpr13905%2FAppData%2FRoaming%2FAutodesk%2FAutodesk%20Fusion%20360%2FAPI%2FAddIns%2FfusionLogger%2FfusionLogger_py::Hello addin
DEBUG::__main__C%3A%2FUsers%2Fpr13905%2FAppData%2FRoaming%2FAutodesk%2FAutodesk%20Fusion%20360%2FAPI%2FAddIns%2FfusionLogger%2FfusionLogger_py::Add in started
INFO::__main__C%3A%2FUsers%2Fpr13905%2FAppData%2FRoaming%2FAutodesk%2FAutodesk%20Fusion%20360%2FAPI%2FAddIns%2FfusionLogger%2FfusionLogger_py::Command: something happened 
INFO::__main__C%3A%2FUsers%2Fpr13905%2FAppData%2FRoaming%2FAutodesk%2FAutodesk%20Fusion%20360%2FAPI%2FAddIns%2FfusionLogger%2FfusionLogger_py::Details: None None - None.None@email.com
DEBUG::__main__C%3A%2FUsers%2Fpr13905%2FAppData%2FRoaming%2FAutodesk%2FAutodesk%20Fusion%20360%2FAPI%2FAddIns%2FfusionLogger%2FfusionLogger_py::Hello addin
DEBUG::__main__C%3A%2FUsers%2Fpr13905%2FAppData%2FRoaming%2FAutodesk%2FAutodesk%20Fusion%20360%2FAPI%2FAddIns%2FfusionLogger%2FfusionLogger_py::Hello addin
DEBUG::__main__C%3A%2FUsers%2Fpr13905%2FAppData%2FRoaming%2FAutodesk%2FAutodesk%20Fusion%20360%2FAPI%2FAddIns%2FfusionLogger%2FfusionLogger_py::Add in started
DEBUG::__main__C%3A%2FUsers%2Fpr13905%2FAppData%2FRoaming%2FAutodesk%2FAutodesk%20Fusion%20360%2FAPI%2FAddIns%2FfusionLogger%2FfusionLogger_py::Add in started
INFO::__main__C%3A%2FUsers%2Fpr13905%2FAppData%2FRoaming%2FAutodesk%2FAutodesk%20Fusion%20360%2FAPI%2FAddIns%2FfusionLogger%2FfusionLogger_py::Command: something happened 
INFO::__main__C%3A%2FUsers%2Fpr13905%2FAppData%2FRoaming%2FAutodesk%2FAutodesk%20Fusion%20360%2FAPI%2FAddIns%2FfusionLogger%2FfusionLogger_py::Command: something happened 
INFO::__main__C%3A%2FUsers%2Fpr13905%2FAppData%2FRoaming%2FAutodesk%2FAutodesk%20Fusion%20360%2FAPI%2FAddIns%2FfusionLogger%2FfusionLogger_py::Details: None None - None.None@email.com
INFO::__main__C%3A%2FUsers%2Fpr13905%2FAppData%2FRoaming%2FAutodesk%2FAutodesk%20Fusion%20360%2FAPI%2FAddIns%2FfusionLogger%2FfusionLogger_py::Details: None None - None.None@email.com
DEBUG::__main__C%3A%2FUsers%2Fpr13905%2FAppData%2FRoaming%2FAutodesk%2FAutodesk%20Fusion%20360%2FAPI%2FAddIns%2FfusionLogger%2FfusionLogger_py::Hello addin
DEBUG::__main__C%3A%2FUsers%2Fpr13905%2FAppData%2FRoaming%2FAutodesk%2FAutodesk%20Fusion%20360%2FAPI%2FAddIns%2FfusionLogger%2FfusionLogger_py::Hello addin
DEBUG::__main__C%3A%2FUsers%2Fpr13905%2FAppData%2FRoaming%2FAutodesk%2FAutodesk%20Fusion%20360%2FAPI%2FAddIns%2FfusionLogger%2FfusionLogger_py::Hello addin
DEBUG::__main__C%3A%2FUsers%2Fpr13905%2FAppData%2FRoaming%2FAutodesk%2FAutodesk%20Fusion%20360%2FAPI%2FAddIns%2FfusionLogger%2FfusionLogger_py::Add in started
DEBUG::__main__C%3A%2FUsers%2Fpr13905%2FAppData%2FRoaming%2FAutodesk%2FAutodesk%20Fusion%20360%2FAPI%2FAddIns%2FfusionLogger%2FfusionLogger_py::Add in started
DEBUG::__main__C%3A%2FUsers%2Fpr13905%2FAppData%2FRoaming%2FAutodesk%2FAutodesk%20Fusion%20360%2FAPI%2FAddIns%2FfusionLogger%2FfusionLogger_py::Add in started
INFO::__main__C%3A%2FUsers%2Fpr13905%2FAppData%2FRoaming%2FAutodesk%2FAutodesk%20Fusion%20360%2FAPI%2FAddIns%2FfusionLogger%2FfusionLogger_py::Command: something happened 
INFO::__main__C%3A%2FUsers%2Fpr13905%2FAppData%2FRoaming%2FAutodesk%2FAutodesk%20Fusion%20360%2FAPI%2FAddIns%2FfusionLogger%2FfusionLogger_py::Command: something happened 
INFO::__main__C%3A%2FUsers%2Fpr13905%2FAppData%2FRoaming%2FAutodesk%2FAutodesk%20Fusion%20360%2FAPI%2FAddIns%2FfusionLogger%2FfusionLogger_py::Command: something happened 
INFO::__main__C%3A%2FUsers%2Fpr13905%2FAppData%2FRoaming%2FAutodesk%2FAutodesk%20Fusion%20360%2FAPI%2FAddIns%2FfusionLogger%2FfusionLogger_py::Details: None None - None.None@email.com
INFO::__main__C%3A%2FUsers%2Fpr13905%2FAppData%2FRoaming%2FAutodesk%2FAutodesk%20Fusion%20360%2FAPI%2FAddIns%2FfusionLogger%2FfusionLogger_py::Details: None None - None.None@email.com
INFO::__main__C%3A%2FUsers%2Fpr13905%2FAppData%2FRoaming%2FAutodesk%2FAutodesk%20Fusion%20360%2FAPI%2FAddIns%2FfusionLogger%2FfusionLogger_py::Details: None None - None.None@email.com
DEBUG::__main__C%3A%2FUsers%2Fpr13905%2FAppData%2FRoaming%2FAutodesk%2FAutodesk%20Fusion%20360%2FAPI%2FAddIns%2FfusionLogger%2FfusionLogger_py::Hello addin
DEBUG::__main__C%3A%2FUsers%2Fpr13905%2FAppData%2FRoaming%2FAutodesk%2FAutodesk%20Fusion%20360%2FAPI%2FAddIns%2FfusionLogger%2FfusionLogger_py::Hello addin
DEBUG::__main__C%3A%2FUsers%2Fpr13905%2FAppData%2FRoaming%2FAutodesk%2FAutodesk%20Fusion%20360%2FAPI%2FAddIns%2FfusionLogger%2FfusionLogger_py::Hello addin
DEBUG::__main__C%3A%2FUsers%2Fpr13905%2FAppData%2FRoaming%2FAutodesk%2FAutodesk%20Fusion%20360%2FAPI%2FAddIns%2FfusionLogger%2FfusionLogger_py::Hello addin
DEBUG::__main__C%3A%2FUsers%2Fpr13905%2FAppData%2FRoaming%2FAutodesk%2FAutodesk%20Fusion%20360%2FAPI%2FAddIns%2FfusionLogger%2FfusionLogger_py::Add in started
DEBUG::__main__C%3A%2FUsers%2Fpr13905%2FAppData%2FRoaming%2FAutodesk%2FAutodesk%20Fusion%20360%2FAPI%2FAddIns%2FfusionLogger%2FfusionLogger_py::Add in started
DEBUG::__main__C%3A%2FUsers%2Fpr13905%2FAppData%2FRoaming%2FAutodesk%2FAutodesk%20Fusion%20360%2FAPI%2FAddIns%2FfusionLogger%2FfusionLogger_py::Add in started
DEBUG::__main__C%3A%2FUsers%2Fpr13905%2FAppData%2FRoaming%2FAutodesk%2FAutodesk%20Fusion%20360%2FAPI%2FAddIns%2FfusionLogger%2FfusionLogger_py::Add in started
INFO::__main__C%3A%2FUsers%2Fpr13905%2FAppData%2FRoaming%2FAutodesk%2FAutodesk%20Fusion%20360%2FAPI%2FAddIns%2FfusionLogger%2FfusionLogger_py::Command: something happened 
INFO::__main__C%3A%2FUsers%2Fpr13905%2FAppData%2FRoaming%2FAutodesk%2FAutodesk%20Fusion%20360%2FAPI%2FAddIns%2FfusionLogger%2FfusionLogger_py::Command: something happened 
INFO::__main__C%3A%2FUsers%2Fpr13905%2FAppData%2FRoaming%2FAutodesk%2FAutodesk%20Fusion%20360%2FAPI%2FAddIns%2FfusionLogger%2FfusionLogger_py::Command: something happened 
INFO::__main__C%3A%2FUsers%2Fpr13905%2FAppData%2FRoaming%2FAutodesk%2FAutodesk%20Fusion%20360%2FAPI%2FAddIns%2FfusionLogger%2FfusionLogger_py::Command: something happened 
INFO::__main__C%3A%2FUsers%2Fpr13905%2FAppData%2FRoaming%2FAutodesk%2FAutodesk%20Fusion%20360%2FAPI%2FAddIns%2FfusionLogger%2FfusionLogger_py::Details: None None - None.None@email.com
INFO::__main__C%3A%2FUsers%2Fpr13905%2FAppData%2FRoaming%2FAutodesk%2FAutodesk%20Fusion%20360%2FAPI%2FAddIns%2FfusionLogger%2FfusionLogger_py::Details: None None - None.None@email.com
INFO::__main__C%3A%2FUsers%2Fpr13905%2FAppData%2FRoaming%2FAutodesk%2FAutodesk%20Fusion%20360%2FAPI%2FAddIns%2FfusionLogger%2FfusionLogger_py::Details: None None - None.None@email.com
INFO::__main__C%3A%2FUsers%2Fpr13905%2FAppData%2FRoaming%2FAutodesk%2FAutodesk%20Fusion%20360%2FAPI%2FAddIns%2FfusionLogger%2FfusionLogger_py::Details: None None - None.None@email.com
DEBUG::__main__C%3A%2FUsers%2Fpr13905%2FAppData%2FRoaming%2FAutodesk%2FAutodesk%20Fusion%20360%2FAPI%2FAddIns%2FfusionLogger%2FfusionLogger_py::Hello addin
DEBUG::__main__C%3A%2FUsers%2Fpr13905%2FAppData%2FRoaming%2FAutodesk%2FAutodesk%20Fusion%20360%2FAPI%2FAddIns%2FfusionLogger%2FfusionLogger_py::Hello addin
DEBUG::__main__C%3A%2FUsers%2Fpr13905%2FAppData%2FRoaming%2FAutodesk%2FAutodesk%20Fusion%20360%2FAPI%2FAddIns%2FfusionLogger%2FfusionLogger_py::Hello addin
DEBUG::__main__C%3A%2FUsers%2Fpr13905%2FAppData%2FRoaming%2FAutodesk%2FAutodesk%20Fusion%20360%2FAPI%2FAddIns%2FfusionLogger%2FfusionLogger_py::Hello addin
DEBUG::__main__C%3A%2FUsers%2Fpr13905%2FAppData%2FRoaming%2FAutodesk%2FAutodesk%20Fusion%20360%2FAPI%2FAddIns%2FfusionLogger%2FfusionLogger_py::Hello addin
DEBUG::__main__C%3A%2FUsers%2Fpr13905%2FAppData%2FRoaming%2FAutodesk%2FAutodesk%20Fusion%20360%2FAPI%2FAddIns%2FfusionLogger%2FfusionLogger_py::Add in started
DEBUG::__main__C%3A%2FUsers%2Fpr13905%2FAppData%2FRoaming%2FAutodesk%2FAutodesk%20Fusion%20360%2FAPI%2FAddIns%2FfusionLogger%2FfusionLogger_py::Add in started
DEBUG::__main__C%3A%2FUsers%2Fpr13905%2FAppData%2FRoaming%2FAutodesk%2FAutodesk%20Fusion%20360%2FAPI%2FAddIns%2FfusionLogger%2FfusionLogger_py::Add in started
DEBUG::__main__C%3A%2FUsers%2Fpr13905%2FAppData%2FRoaming%2FAutodesk%2FAutodesk%20Fusion%20360%2FAPI%2FAddIns%2FfusionLogger%2FfusionLogger_py::Add in started
DEBUG::__main__C%3A%2FUsers%2Fpr13905%2FAppData%2FRoaming%2FAutodesk%2FAutodesk%20Fusion%20360%2FAPI%2FAddIns%2FfusionLogger%2FfusionLogger_py::Add in started
INFO::__main__C%3A%2FUsers%2Fpr13905%2FAppData%2FRoaming%2FAutodesk%2FAutodesk%20Fusion%20360%2FAPI%2FAddIns%2FfusionLogger%2FfusionLogger_py::Command: something happened 
INFO::__main__C%3A%2FUsers%2Fpr13905%2FAppData%2FRoaming%2FAutodesk%2FAutodesk%20Fusion%20360%2FAPI%2FAddIns%2FfusionLogger%2FfusionLogger_py::Command: something happened 
INFO::__main__C%3A%2FUsers%2Fpr13905%2FAppData%2FRoaming%2FAutodesk%2FAutodesk%20Fusion%20360%2FAPI%2FAddIns%2FfusionLogger%2FfusionLogger_py::Command: something happened 
INFO::__main__C%3A%2FUsers%2Fpr13905%2FAppData%2FRoaming%2FAutodesk%2FAutodesk%20Fusion%20360%2FAPI%2FAddIns%2FfusionLogger%2FfusionLogger_py::Command: something happened 
INFO::__main__C%3A%2FUsers%2Fpr13905%2FAppData%2FRoaming%2FAutodesk%2FAutodesk%20Fusion%20360%2FAPI%2FAddIns%2FfusionLogger%2FfusionLogger_py::Command: something happened 
INFO::__main__C%3A%2FUsers%2Fpr13905%2FAppData%2FRoaming%2FAutodesk%2FAutodesk%20Fusion%20360%2FAPI%2FAddIns%2FfusionLogger%2FfusionLogger_py::Details: None None - None.None@email.com
INFO::__main__C%3A%2FUsers%2Fpr13905%2FAppData%2FRoaming%2FAutodesk%2FAutodesk%20Fusion%20360%2FAPI%2FAddIns%2FfusionLogger%2FfusionLogger_py::Details: None None - None.None@email.com
INFO::__main__C%3A%2FUsers%2Fpr13905%2FAppData%2FRoaming%2FAutodesk%2FAutodesk%20Fusion%20360%2FAPI%2FAddIns%2FfusionLogger%2FfusionLogger_py::Details: None None - None.None@email.com
INFO::__main__C%3A%2FUsers%2Fpr13905%2FAppData%2FRoaming%2FAutodesk%2FAutodesk%20Fusion%20360%2FAPI%2FAddIns%2FfusionLogger%2FfusionLogger_py::Details: None None - None.None@email.com
INFO::__main__C%3A%2FUsers%2Fpr13905%2FAppData%2FRoaming%2FAutodesk%2FAutodesk%20Fusion%20360%2FAPI%2FAddIns%2FfusionLogger%2FfusionLogger_py::Details: None None - None.None@email.com
DEBUG::__main__C%3A%2FUsers%2Frosso%2FAppData%2FRoaming%2FAutodesk%2FAutodesk%20Fusion%20360%2FAPI%2FAddIns%2FfusionLogger%2FfusionLogger_py::Hello addin
DEBUG::__main__C%3A%2FUsers%2Frosso%2FAppData%2FRoaming%2FAutodesk%2FAutodesk%20Fusion%20360%2FAPI%2FAddIns%2FfusionLogger%2FfusionLogger_py::Add in started
INFO::__main__C%3A%2FUsers%2Frosso%2FAppData%2FRoaming%2FAutodesk%2FAutodesk%20Fusion%20360%2FAPI%2FAddIns%2FfusionLogger%2FfusionLogger_py::Command: something happened 
INFO::__main__C%3A%2FUsers%2Frosso%2FAppData%2FRoaming%2FAutodesk%2FAutodesk%20Fusion%20360%2FAPI%2FAddIns%2FfusionLogger%2FfusionLogger_py::Details: None None - None.None@email.com
DEBUG::__main__C%3A%2FUsers%2Frosso%2FAppData%2FRoaming%2FAutodesk%2FAutodesk%20Fusion%20360%2FAPI%2FAddIns%2FfusionLogger%2FfusionLogger_py::Hello addin
DEBUG::__main__C%3A%2FUsers%2Frosso%2FAppData%2FRoaming%2FAutodesk%2FAutodesk%20Fusion%20360%2FAPI%2FAddIns%2FfusionLogger%2FfusionLogger_py::Hello addin
DEBUG::__main__C%3A%2FUsers%2Frosso%2FAppData%2FRoaming%2FAutodesk%2FAutodesk%20Fusion%20360%2FAPI%2FAddIns%2FfusionLogger%2FfusionLogger_py::Add in started
DEBUG::__main__C%3A%2FUsers%2Frosso%2FAppData%2FRoaming%2FAutodesk%2FAutodesk%20Fusion%20360%2FAPI%2FAddIns%2FfusionLogger%2FfusionLogger_py::Add in started
INFO::__main__C%3A%2FUsers%2Frosso%2FAppData%2FRoaming%2FAutodesk%2FAutodesk%20Fusion%20360%2FAPI%2FAddIns%2FfusionLogger%2FfusionLogger_py::Command: something happened 
INFO::__main__C%3A%2FUsers%2Frosso%2FAppData%2FRoaming%2FAutodesk%2FAutodesk%20Fusion%20360%2FAPI%2FAddIns%2FfusionLogger%2FfusionLogger_py::Command: something happened 
INFO::__main__C%3A%2FUsers%2Frosso%2FAppData%2FRoaming%2FAutodesk%2FAutodesk%20Fusion%20360%2FAPI%2FAddIns%2FfusionLogger%2FfusionLogger_py::Details: None None - None.None@email.com
INFO::__main__C%3A%2FUsers%2Frosso%2FAppData%2FRoaming%2FAutodesk%2FAutodesk%20Fusion%20360%2FAPI%2FAddIns%2FfusionLogger%2FfusionLogger_py::Details: None None - None.None@email.com
DEBUG::__main__C%3A%2FUsers%2Frosso%2FAppData%2FRoaming%2FAutodesk%2FAutodesk%20Fusion%20360%2FAPI%2FAddIns%2FfusionLogger%2FfusionLogger_py::Hello addin
DEBUG::__main__C%3A%2FUsers%2Frosso%2FAppData%2FRoaming%2FAutodesk%2FAutodesk%20Fusion%20360%2FAPI%2FAddIns%2FfusionLogger%2FfusionLogger_py::Hello addin
DEBUG::__main__C%3A%2FUsers%2Frosso%2FAppData%2FRoaming%2FAutodesk%2FAutodesk%20Fusion%20360%2FAPI%2FAddIns%2FfusionLogger%2FfusionLogger_py::Hello addin
DEBUG::__main__C%3A%2FUsers%2Frosso%2FAppData%2FRoaming%2FAutodesk%2FAutodesk%20Fusion%20360%2FAPI%2FAddIns%2FfusionLogger%2FfusionLogger_py::Add in started
DEBUG::__main__C%3A%2FUsers%2Frosso%2FAppData%2FRoaming%2FAutodesk%2FAutodesk%20Fusion%20360%2FAPI%2FAddIns%2FfusionLogger%2FfusionLogger_py::Add in started
DEBUG::__main__C%3A%2FUsers%2Frosso%2FAppData%2FRoaming%2FAutodesk%2FAutodesk%20Fusion%20360%2FAPI%2FAddIns%2FfusionLogger%2FfusionLogger_py::Add in started
INFO::__main__C%3A%2FUsers%2Frosso%2FAppData%2FRoaming%2FAutodesk%2FAutodesk%20Fusion%20360%2FAPI%2FAddIns%2FfusionLogger%2FfusionLogger_py::Command: something happened 
INFO::__main__C%3A%2FUsers%2Frosso%2FAppData%2FRoaming%2FAutodesk%2FAutodesk%20Fusion%20360%2FAPI%2FAddIns%2FfusionLogger%2FfusionLogger_py::Command: something happened 
INFO::__main__C%3A%2FUsers%2Frosso%2FAppData%2FRoaming%2FAutodesk%2FAutodesk%20Fusion%20360%2FAPI%2FAddIns%2FfusionLogger%2FfusionLogger_py::Command: something happened 
INFO::__main__C%3A%2FUsers%2Frosso%2FAppData%2FRoaming%2FAutodesk%2FAutodesk%20Fusion%20360%2FAPI%2FAddIns%2FfusionLogger%2FfusionLogger_py::Details: None None - None.None@email.com
INFO::__main__C%3A%2FUsers%2Frosso%2FAppData%2FRoaming%2FAutodesk%2FAutodesk%20Fusion%20360%2FAPI%2FAddIns%2FfusionLogger%2FfusionLogger_py::Details: None None - None.None@email.com
INFO::__main__C%3A%2FUsers%2Frosso%2FAppData%2FRoaming%2FAutodesk%2FAutodesk%20Fusion%20360%2FAPI%2FAddIns%2FfusionLogger%2FfusionLogger_py::Details: None None - None.None@email.com
DEBUG::__main__C%3A%2FUsers%2Frosso%2FAppData%2FRoaming%2FAutodesk%2FAutodesk%20Fusion%20360%2FAPI%2FAddIns%2FfusionLogger%2FfusionLogger_py::Hello addin
DEBUG::__main__C%3A%2FUsers%2Frosso%2FAppData%2FRoaming%2FAutodesk%2FAutodesk%20Fusion%20360%2FAPI%2FAddIns%2FfusionLogger%2FfusionLogger_py::Hello addin
DEBUG::__main__C%3A%2FUsers%2Frosso%2FAppData%2FRoaming%2FAutodesk%2FAutodesk%20Fusion%20360%2FAPI%2FAddIns%2FfusionLogger%2FfusionLogger_py::Hello addin
DEBUG::__main__C%3A%2FUsers%2Frosso%2FAppData%2FRoaming%2FAutodesk%2FAutodesk%20Fusion%20360%2FAPI%2FAddIns%2FfusionLogger%2FfusionLogger_py::Hello addin
DEBUG::__main__C%3A%2FUsers%2Frosso%2FAppData%2FRoaming%2FAutodesk%2FAutodesk%20Fusion%20360%2FAPI%2FAddIns%2FfusionLogger%2FfusionLogger_py::Add in started
DEBUG::__main__C%3A%2FUsers%2Frosso%2FAppData%2FRoaming%2FAutodesk%2FAutodesk%20Fusion%20360%2FAPI%2FAddIns%2FfusionLogger%2FfusionLogger_py::Add in started
DEBUG::__main__C%3A%2FUsers%2Frosso%2FAppData%2FRoaming%2FAutodesk%2FAutodesk%20Fusion%20360%2FAPI%2FAddIns%2FfusionLogger%2FfusionLogger_py::Add in started
DEBUG::__main__C%3A%2FUsers%2Frosso%2FAppData%2FRoaming%2FAutodesk%2FAutodesk%20Fusion%20360%2FAPI%2FAddIns%2FfusionLogger%2FfusionLogger_py::Add in started
INFO::__main__C%3A%2FUsers%2Frosso%2FAppData%2FRoaming%2FAutodesk%2FAutodesk%20Fusion%20360%2FAPI%2FAddIns%2FfusionLogger%2FfusionLogger_py::Command: something happened 
INFO::__main__C%3A%2FUsers%2Frosso%2FAppData%2FRoaming%2FAutodesk%2FAutodesk%20Fusion%20360%2FAPI%2FAddIns%2FfusionLogger%2FfusionLogger_py::Command: something happened 
INFO::__main__C%3A%2FUsers%2Frosso%2FAppData%2FRoaming%2FAutodesk%2FAutodesk%20Fusion%20360%2FAPI%2FAddIns%2FfusionLogger%2FfusionLogger_py::Command: something happened 
INFO::__main__C%3A%2FUsers%2Frosso%2FAppData%2FRoaming%2FAutodesk%2FAutodesk%20Fusion%20360%2FAPI%2FAddIns%2FfusionLogger%2FfusionLogger_py::Command: something happened 
INFO::__main__C%3A%2FUsers%2Frosso%2FAppData%2FRoaming%2FAutodesk%2FAutodesk%20Fusion%20360%2FAPI%2FAddIns%2FfusionLogger%2FfusionLogger_py::Details: None None - None.None@email.com
INFO::__main__C%3A%2FUsers%2Frosso%2FAppData%2FRoaming%2FAutodesk%2FAutodesk%20Fusion%20360%2FAPI%2FAddIns%2FfusionLogger%2FfusionLogger_py::Details: None None - None.None@email.com
INFO::__main__C%3A%2FUsers%2Frosso%2FAppData%2FRoaming%2FAutodesk%2FAutodesk%20Fusion%20360%2FAPI%2FAddIns%2FfusionLogger%2FfusionLogger_py::Details: None None - None.None@email.com
INFO::__main__C%3A%2FUsers%2Frosso%2FAppData%2FRoaming%2FAutodesk%2FAutodesk%20Fusion%20360%2FAPI%2FAddIns%2FfusionLogger%2FfusionLogger_py::Details: None None - None.None@email.com
DEBUG::__main__C%3A%2FUsers%2Frosso%2FAppData%2FRoaming%2FAutodesk%2FAutodesk%20Fusion%20360%2FAPI%2FAddIns%2FfusionLogger%2FfusionLogger_py::Hello addin
DEBUG::__main__C%3A%2FUsers%2Frosso%2FAppData%2FRoaming%2FAutodesk%2FAutodesk%20Fusion%20360%2FAPI%2FAddIns%2FfusionLogger%2FfusionLogger_py::Hello addin
DEBUG::__main__C%3A%2FUsers%2Frosso%2FAppData%2FRoaming%2FAutodesk%2FAutodesk%20Fusion%20360%2FAPI%2FAddIns%2FfusionLogger%2FfusionLogger_py::Hello addin
DEBUG::__main__C%3A%2FUsers%2Frosso%2FAppData%2FRoaming%2FAutodesk%2FAutodesk%20Fusion%20360%2FAPI%2FAddIns%2FfusionLogger%2FfusionLogger_py::Hello addin
DEBUG::__main__C%3A%2FUsers%2Frosso%2FAppData%2FRoaming%2FAutodesk%2FAutodesk%20Fusion%20360%2FAPI%2FAddIns%2FfusionLogger%2FfusionLogger_py::Hello addin
DEBUG::__main__C%3A%2FUsers%2Frosso%2FAppData%2FRoaming%2FAutodesk%2FAutodesk%20Fusion%20360%2FAPI%2FAddIns%2FfusionLogger%2FfusionLogger_py::Add in started
DEBUG::__main__C%3A%2FUsers%2Frosso%2FAppData%2FRoaming%2FAutodesk%2FAutodesk%20Fusion%20360%2FAPI%2FAddIns%2FfusionLogger%2FfusionLogger_py::Add in started
DEBUG::__main__C%3A%2FUsers%2Frosso%2FAppData%2FRoaming%2FAutodesk%2FAutodesk%20Fusion%20360%2FAPI%2FAddIns%2FfusionLogger%2FfusionLogger_py::Add in started
DEBUG::__main__C%3A%2FUsers%2Frosso%2FAppData%2FRoaming%2FAutodesk%2FAutodesk%20Fusion%20360%2FAPI%2FAddIns%2FfusionLogger%2FfusionLogger_py::Add in started
DEBUG::__main__C%3A%2FUsers%2Frosso%2FAppData%2FRoaming%2FAutodesk%2FAutodesk%20Fusion%20360%2FAPI%2FAddIns%2FfusionLogger%2FfusionLogger_py::Add in started
INFO::__main__C%3A%2FUsers%2Frosso%2FAppData%2FRoaming%2FAutodesk%2FAutodesk%20Fusion%20360%2FAPI%2FAddIns%2FfusionLogger%2FfusionLogger_py::Command: something happened 
INFO::__main__C%3A%2FUsers%2Frosso%2FAppData%2FRoaming%2FAutodesk%2FAutodesk%20Fusion%20360%2FAPI%2FAddIns%2FfusionLogger%2FfusionLogger_py::Command: something happened 
INFO::__main__C%3A%2FUsers%2Frosso%2FAppData%2FRoaming%2FAutodesk%2FAutodesk%20Fusion%20360%2FAPI%2FAddIns%2FfusionLogger%2FfusionLogger_py::Command: something happened 
INFO::__main__C%3A%2FUsers%2Frosso%2FAppData%2FRoaming%2FAutodesk%2FAutodesk%20Fusion%20360%2FAPI%2FAddIns%2FfusionLogger%2FfusionLogger_py::Command: something happened 
INFO::__main__C%3A%2FUsers%2Frosso%2FAppData%2FRoaming%2FAutodesk%2FAutodesk%20Fusion%20360%2FAPI%2FAddIns%2FfusionLogger%2FfusionLogger_py::Command: something happened 
INFO::__main__C%3A%2FUsers%2Frosso%2FAppData%2FRoaming%2FAutodesk%2FAutodesk%20Fusion%20360%2FAPI%2FAddIns%2FfusionLogger%2FfusionLogger_py::Details: None None - None.None@email.com
INFO::__main__C%3A%2FUsers%2Frosso%2FAppData%2FRoaming%2FAutodesk%2FAutodesk%20Fusion%20360%2FAPI%2FAddIns%2FfusionLogger%2FfusionLogger_py::Details: None None - None.None@email.com
INFO::__main__C%3A%2FUsers%2Frosso%2FAppData%2FRoaming%2FAutodesk%2FAutodesk%20Fusion%20360%2FAPI%2FAddIns%2FfusionLogger%2FfusionLogger_py::Details: None None - None.None@email.com
INFO::__main__C%3A%2FUsers%2Frosso%2FAppData%2FRoaming%2FAutodesk%2FAutodesk%20Fusion%20360%2FAPI%2FAddIns%2FfusionLogger%2FfusionLogger_py::Details: None None - None.None@email.com
INFO::__main__C%3A%2FUsers%2Frosso%2FAppData%2FRoaming%2FAutodesk%2FAutodesk%20Fusion%20360%2FAPI%2FAddIns%2FfusionLogger%2FfusionLogger_py::Details: None None - None.None@email.com
DEBUG::__main__C%3A%2FUsers%2Frosso%2FAppData%2FRoaming%2FAutodesk%2FAutodesk%20Fusion%20360%2FAPI%2FAddIns%2FfusionLogger%2FfusionLogger_py::Hello addin
DEBUG::__main__C%3A%2FUsers%2Frosso%2FAppData%2FRoaming%2FAutodesk%2FAutodesk%20Fusion%20360%2FAPI%2FAddIns%2FfusionLogger%2FfusionLogger_py::Hello addin
DEBUG::__main__C%3A%2FUsers%2Frosso%2FAppData%2FRoaming%2FAutodesk%2FAutodesk%20Fusion%20360%2FAPI%2FAddIns%2FfusionLogger%2FfusionLogger_py::Hello addin
DEBUG::__main__C%3A%2FUsers%2Frosso%2FAppData%2FRoaming%2FAutodesk%2FAutodesk%20Fusion%20360%2FAPI%2FAddIns%2FfusionLogger%2FfusionLogger_py::Hello addin
DEBUG::__main__C%3A%2FUsers%2Frosso%2FAppData%2FRoaming%2FAutodesk%2FAutodesk%20Fusion%20360%2FAPI%2FAddIns%2FfusionLogger%2FfusionLogger_py::Hello addin
DEBUG::__main__C%3A%2FUsers%2Frosso%2FAppData%2FRoaming%2FAutodesk%2FAutodesk%20Fusion%20360%2FAPI%2FAddIns%2FfusionLogger%2FfusionLogger_py::Hello addin
DEBUG::__main__C%3A%2FUsers%2Frosso%2FAppData%2FRoaming%2FAutodesk%2FAutodesk%20Fusion%20360%2FAPI%2FAddIns%2FfusionLogger%2FfusionLogger_py::Add in started
DEBUG::__main__C%3A%2FUsers%2Frosso%2FAppData%2FRoaming%2FAutodesk%2FAutodesk%20Fusion%20360%2FAPI%2FAddIns%2FfusionLogger%2FfusionLogger_py::Add in started
DEBUG::__main__C%3A%2FUsers%2Frosso%2FAppData%2FRoaming%2FAutodesk%2FAutodesk%20Fusion%20360%2FAPI%2FAddIns%2FfusionLogger%2FfusionLogger_py::Add in started
DEBUG::__main__C%3A%2FUsers%2Frosso%2FAppData%2FRoaming%2FAutodesk%2FAutodesk%20Fusion%20360%2FAPI%2FAddIns%2FfusionLogger%2FfusionLogger_py::Add in started
DEBUG::__main__C%3A%2FUsers%2Frosso%2FAppData%2FRoaming%2FAutodesk%2FAutodesk%20Fusion%20360%2FAPI%2FAddIns%2FfusionLogger%2FfusionLogger_py::Add in started
DEBUG::__main__C%3A%2FUsers%2Frosso%2FAppData%2FRoaming%2FAutodesk%2FAutodesk%20Fusion%20360%2FAPI%2FAddIns%2FfusionLogger%2FfusionLogger_py::Add in started
INFO::__main__C%3A%2FUsers%2Frosso%2FAppData%2FRoaming%2FAutodesk%2FAutodesk%20Fusion%20360%2FAPI%2FAddIns%2FfusionLogger%2FfusionLogger_py::Command: something happened 
INFO::__main__C%3A%2FUsers%2Frosso%2FAppData%2FRoaming%2FAutodesk%2FAutodesk%20Fusion%20360%2FAPI%2FAddIns%2FfusionLogger%2FfusionLogger_py::Command: something happened 
INFO::__main__C%3A%2FUsers%2Frosso%2FAppData%2FRoaming%2FAutodesk%2FAutodesk%20Fusion%20360%2FAPI%2FAddIns%2FfusionLogger%2FfusionLogger_py::Command: something happened 
INFO::__main__C%3A%2FUsers%2Frosso%2FAppData%2FRoaming%2FAutodesk%2FAutodesk%20Fusion%20360%2FAPI%2FAddIns%2FfusionLogger%2FfusionLogger_py::Command: something happened 
INFO::__main__C%3A%2FUsers%2Frosso%2FAppData%2FRoaming%2FAutodesk%2FAutodesk%20Fusion%20360%2FAPI%2FAddIns%2FfusionLogger%2FfusionLogger_py::Command: something happened 
INFO::__main__C%3A%2FUsers%2Frosso%2FAppData%2FRoaming%2FAutodesk%2FAutodesk%20Fusion%20360%2FAPI%2FAddIns%2FfusionLogger%2FfusionLogger_py::Command: something happened 
INFO::__main__C%3A%2FUsers%2Frosso%2FAppData%2FRoaming%2FAutodesk%2FAutodesk%20Fusion%20360%2FAPI%2FAddIns%2FfusionLogger%2FfusionLogger_py::Details: None None - None.None@email.com
INFO::__main__C%3A%2FUsers%2Frosso%2FAppData%2FRoaming%2FAutodesk%2FAutodesk%20Fusion%20360%2FAPI%2FAddIns%2FfusionLogger%2FfusionLogger_py::Details: None None - None.None@email.com
INFO::__main__C%3A%2FUsers%2Frosso%2FAppData%2FRoaming%2FAutodesk%2FAutodesk%20Fusion%20360%2FAPI%2FAddIns%2FfusionLogger%2FfusionLogger_py::Details: None None - None.None@email.com
INFO::__main__C%3A%2FUsers%2Frosso%2FAppData%2FRoaming%2FAutodesk%2FAutodesk%20Fusion%20360%2FAPI%2FAddIns%2FfusionLogger%2FfusionLogger_py::Details: None None - None.None@email.com
INFO::__main__C%3A%2FUsers%2Frosso%2FAppData%2FRoaming%2FAutodesk%2FAutodesk%20Fusion%20360%2FAPI%2FAddIns%2FfusionLogger%2FfusionLogger_py::Details: None None - None.None@email.com
INFO::__main__C%3A%2FUsers%2Frosso%2FAppData%2FRoaming%2FAutodesk%2FAutodesk%20Fusion%20360%2FAPI%2FAddIns%2FfusionLogger%2FfusionLogger_py::Details: None None - None.None@email.com
DEBUG::__main__C%3A%2FUsers%2Frosso%2FAppData%2FRoaming%2FAutodesk%2FAutodesk%20Fusion%20360%2FAPI%2FAddIns%2FfusionLogger%2FfusionLogger_py::Hello addin
DEBUG::__main__C%3A%2FUsers%2Frosso%2FAppData%2FRoaming%2FAutodesk%2FAutodesk%20Fusion%20360%2FAPI%2FAddIns%2FfusionLogger%2FfusionLogger_py::Hello addin
DEBUG::__main__C%3A%2FUsers%2Frosso%2FAppData%2FRoaming%2FAutodesk%2FAutodesk%20Fusion%20360%2FAPI%2FAddIns%2FfusionLogger%2FfusionLogger_py::Hello addin
DEBUG::__main__C%3A%2FUsers%2Frosso%2FAppData%2FRoaming%2FAutodesk%2FAutodesk%20Fusion%20360%2FAPI%2FAddIns%2FfusionLogger%2FfusionLogger_py::Hello addin
DEBUG::__main__C%3A%2FUsers%2Frosso%2FAppData%2FRoaming%2FAutodesk%2FAutodesk%20Fusion%20360%2FAPI%2FAddIns%2FfusionLogger%2FfusionLogger_py::Hello addin
DEBUG::__main__C%3A%2FUsers%2Frosso%2FAppData%2FRoaming%2FAutodesk%2FAutodesk%20Fusion%20360%2FAPI%2FAddIns%2FfusionLogger%2FfusionLogger_py::Hello addin
DEBUG::__main__C%3A%2FUsers%2Frosso%2FAppData%2FRoaming%2FAutodesk%2FAutodesk%20Fusion%20360%2FAPI%2FAddIns%2FfusionLogger%2FfusionLogger_py::Hello addin
DEBUG::__main__C%3A%2FUsers%2Frosso%2FAppData%2FRoaming%2FAutodesk%2FAutodesk%20Fusion%20360%2FAPI%2FAddIns%2FfusionLogger%2FfusionLogger_py::Add in started
DEBUG::__main__C%3A%2FUsers%2Frosso%2FAppData%2FRoaming%2FAutodesk%2FAutodesk%20Fusion%20360%2FAPI%2FAddIns%2FfusionLogger%2FfusionLogger_py::Add in started
DEBUG::__main__C%3A%2FUsers%2Frosso%2FAppData%2FRoaming%2FAutodesk%2FAutodesk%20Fusion%20360%2FAPI%2FAddIns%2FfusionLogger%2FfusionLogger_py::Add in started
DEBUG::__main__C%3A%2FUsers%2Frosso%2FAppData%2FRoaming%2FAutodesk%2FAutodesk%20Fusion%20360%2FAPI%2FAddIns%2FfusionLogger%2FfusionLogger_py::Add in started
DEBUG::__main__C%3A%2FUsers%2Frosso%2FAppData%2FRoaming%2FAutodesk%2FAutodesk%20Fusion%20360%2FAPI%2FAddIns%2FfusionLogger%2FfusionLogger_py::Add in started
DEBUG::__main__C%3A%2FUsers%2Frosso%2FAppData%2FRoaming%2FAutodesk%2FAutodesk%20Fusion%20360%2FAPI%2FAddIns%2FfusionLogger%2FfusionLogger_py::Add in started
DEBUG::__main__C%3A%2FUsers%2Frosso%2FAppData%2FRoaming%2FAutodesk%2FAutodesk%20Fusion%20360%2FAPI%2FAddIns%2FfusionLogger%2FfusionLogger_py::Add in started
INFO::__main__C%3A%2FUsers%2Frosso%2FAppData%2FRoaming%2FAutodesk%2FAutodesk%20Fusion%20360%2FAPI%2FAddIns%2FfusionLogger%2FfusionLogger_py::Command: something happened 
INFO::__main__C%3A%2FUsers%2Frosso%2FAppData%2FRoaming%2FAutodesk%2FAutodesk%20Fusion%20360%2FAPI%2FAddIns%2FfusionLogger%2FfusionLogger_py::Command: something happened 
INFO::__main__C%3A%2FUsers%2Frosso%2FAppData%2FRoaming%2FAutodesk%2FAutodesk%20Fusion%20360%2FAPI%2FAddIns%2FfusionLogger%2FfusionLogger_py::Command: something happened 
INFO::__main__C%3A%2FUsers%2Frosso%2FAppData%2FRoaming%2FAutodesk%2FAutodesk%20Fusion%20360%2FAPI%2FAddIns%2FfusionLogger%2FfusionLogger_py::Command: something happened 
INFO::__main__C%3A%2FUsers%2Frosso%2FAppData%2FRoaming%2FAutodesk%2FAutodesk%20Fusion%20360%2FAPI%2FAddIns%2FfusionLogger%2FfusionLogger_py::Command: something happened 
INFO::__main__C%3A%2FUsers%2Frosso%2FAppData%2FRoaming%2FAutodesk%2FAutodesk%20Fusion%20360%2FAPI%2FAddIns%2FfusionLogger%2FfusionLogger_py::Command: something happened 
INFO::__main__C%3A%2FUsers%2Frosso%2FAppData%2FRoaming%2FAutodesk%2FAutodesk%20Fusion%20360%2FAPI%2FAddIns%2FfusionLogger%2FfusionLogger_py::Command: something happened 
INFO::__main__C%3A%2FUsers%2Frosso%2FAppData%2FRoaming%2FAutodesk%2FAutodesk%20Fusion%20360%2FAPI%2FAddIns%2FfusionLogger%2FfusionLogger_py::Details: None None - None.None@email.com
INFO::__main__C%3A%2FUsers%2Frosso%2FAppData%2FRoaming%2FAutodesk%2FAutodesk%20Fusion%20360%2FAPI%2FAddIns%2FfusionLogger%2FfusionLogger_py::Details: None None - None.None@email.com
INFO::__main__C%3A%2FUsers%2Frosso%2FAppData%2FRoaming%2FAutodesk%2FAutodesk%20Fusion%20360%2FAPI%2FAddIns%2FfusionLogger%2FfusionLogger_py::Details: None None - None.None@email.com
INFO::__main__C%3A%2FUsers%2Frosso%2FAppData%2FRoaming%2FAutodesk%2FAutodesk%20Fusion%20360%2FAPI%2FAddIns%2FfusionLogger%2FfusionLogger_py::Details: None None - None.None@email.com
INFO::__main__C%3A%2FUsers%2Frosso%2FAppData%2FRoaming%2FAutodesk%2FAutodesk%20Fusion%20360%2FAPI%2FAddIns%2FfusionLogger%2FfusionLogger_py::Details: None None - None.None@email.com
INFO::__main__C%3A%2FUsers%2Frosso%2FAppData%2FRoaming%2FAutodesk%2FAutodesk%20Fusion%20360%2FAPI%2FAddIns%2FfusionLogger%2FfusionLogger_py::Details: None None - None.None@email.com
INFO::__main__C%3A%2FUsers%2Frosso%2FAppData%2FRoaming%2FAutodesk%2FAutodesk%20Fusion%20360%2FAPI%2FAddIns%2FfusionLogger%2FfusionLogger_py::Details: None None - None.None@email.com
INFO::__main__C%3A%2FUsers%2Fpr13905%2FAppData%2FRoaming%2FAutodesk%2FAutodesk%20Fusion%20360%2FAPI%2FAddIns%2FfusionLogger%2FfusionLogger_py::Command: something happened 
INFO::__main__C%3A%2FUsers%2Fpr13905%2FAppData%2FRoaming%2FAutodesk%2FAutodesk%20Fusion%20360%2FAPI%2FAddIns%2FfusionLogger%2FfusionLogger_py::Details: None None - None.None@email.com
INFO::__main__C%3A%2FUsers%2Fpr13905%2FAppData%2FRoaming%2FAutodesk%2FAutodesk%20Fusion%20360%2FAPI%2FAddIns%2FfusionLogger%2FfusionLogger_py::Command: something happened 
INFO::__main__C%3A%2FUsers%2Fpr13905%2FAppData%2FRoaming%2FAutodesk%2FAutodesk%20Fusion%20360%2FAPI%2FAddIns%2FfusionLogger%2FfusionLogger_py::Details: None None - None.None@email.com
INFO::__main__C%3A%2FUsers%2Fpr13905%2FAppData%2FRoaming%2FAutodesk%2FAutodesk%20Fusion%20360%2FAPI%2FAddIns%2FfusionLogger%2FfusionLogger_py::Command: something happened 
INFO::__main__C%3A%2FUsers%2Fpr13905%2FAppData%2FRoaming%2FAutodesk%2FAutodesk%20Fusion%20360%2FAPI%2FAddIns%2FfusionLogger%2FfusionLogger_py::Details: None None - None.None@email.com
INFO::__main__C%3A%2FUsers%2Fpr13905%2FAppData%2FRoaming%2FAutodesk%2FAutodesk%20Fusion%20360%2FAPI%2FAddIns%2FfusionLogger%2FfusionLogger_py::Command: something happened 
INFO::__main__C%3A%2FUsers%2Fpr13905%2FAppData%2FRoaming%2FAutodesk%2FAutodesk%20Fusion%20360%2FAPI%2FAddIns%2FfusionLogger%2FfusionLogger_py::Details: None None - None.None@email.com
INFO::__main__C%3A%2FUsers%2Fpr13905%2FAppData%2FRoaming%2FAutodesk%2FAutodesk%20Fusion%20360%2FAPI%2FAddIns%2FfusionLogger%2FfusionLogger_py::Command: something happened 
INFO::__main__C%3A%2FUsers%2Fpr13905%2FAppData%2FRoaming%2FAutodesk%2FAutodesk%20Fusion%20360%2FAPI%2FAddIns%2FfusionLogger%2FfusionLogger_py::Details: None None - None.None@email.com
INFO::__main__C%3A%2FUsers%2Fpr13905%2FAppData%2FRoaming%2FAutodesk%2FAutodesk%20Fusion%20360%2FAPI%2FAddIns%2FfusionLogger%2FfusionLogger_py::Command: something happened 
INFO::__main__C%3A%2FUsers%2Fpr13905%2FAppData%2FRoaming%2FAutodesk%2FAutodesk%20Fusion%20360%2FAPI%2FAddIns%2FfusionLogger%2FfusionLogger_py::Details: None None - None.None@email.com
INFO::__main__C%3A%2FUsers%2Fpr13905%2FAppData%2FRoaming%2FAutodesk%2FAutodesk%20Fusion%20360%2FAPI%2FAddIns%2FfusionLogger%2FfusionLogger_py::Command: something happened 
INFO::__main__C%3A%2FUsers%2Fpr13905%2FAppData%2FRoaming%2FAutodesk%2FAutodesk%20Fusion%20360%2FAPI%2FAddIns%2FfusionLogger%2FfusionLogger_py::Details: None None - None.None@email.com
INFO::__main__C%3A%2FUsers%2Fpr13905%2FAppData%2FRoaming%2FAutodesk%2FAutodesk%20Fusion%20360%2FAPI%2FAddIns%2FfusionLogger%2FfusionLogger_py::Command: something happened 
INFO::__main__C%3A%2FUsers%2Fpr13905%2FAppData%2FRoaming%2FAutodesk%2FAutodesk%20Fusion%20360%2FAPI%2FAddIns%2FfusionLogger%2FfusionLogger_py::Details: None None - None.None@email.com
INFO::__main__C%3A%2FUsers%2Fpr13905%2FAppData%2FRoaming%2FAutodesk%2FAutodesk%20Fusion%20360%2FAPI%2FAddIns%2FfusionLogger%2FfusionLogger_py::Command: something happened 
INFO::__main__C%3A%2FUsers%2Fpr13905%2FAppData%2FRoaming%2FAutodesk%2FAutodesk%20Fusion%20360%2FAPI%2FAddIns%2FfusionLogger%2FfusionLogger_py::Details: None None - None.None@email.com
INFO::__main__C%3A%2FUsers%2Fpr13905%2FAppData%2FRoaming%2FAutodesk%2FAutodesk%20Fusion%20360%2FAPI%2FAddIns%2FfusionLogger%2FfusionLogger_py::Command: something happened 
INFO::__main__C%3A%2FUsers%2Fpr13905%2FAppData%2FRoaming%2FAutodesk%2FAutodesk%20Fusion%20360%2FAPI%2FAddIns%2FfusionLogger%2FfusionLogger_py::Details: None None - None.None@email.com
INFO::__main__C%3A%2FUsers%2Fpr13905%2FAppData%2FRoaming%2FAutodesk%2FAutodesk%20Fusion%20360%2FAPI%2FAddIns%2FfusionLogger%2FfusionLogger_py::Command: something happened 
INFO::__main__C%3A%2FUsers%2Fpr13905%2FAppData%2FRoaming%2FAutodesk%2FAutodesk%20Fusion%20360%2FAPI%2FAddIns%2FfusionLogger%2FfusionLogger_py::Details: None None - None.None@email.com
