2019-11-30 22:25:56,086::INFO::__main__C%3A%2FUsers%2Fpr13905%2FAppData%2FRoaming%2FAutodesk%2FAutodesk%20Fusion%20360%2FAPI%2FAddIns%2FfusionLogger%2FfusionLogger_py::Command: something happened 
2019-11-30 22:25:56,088::INFO::__main__C%3A%2FUsers%2Fpr13905%2FAppData%2FRoaming%2FAutodesk%2FAutodesk%20Fusion%20360%2FAPI%2FAddIns%2FfusionLogger%2FfusionLogger_py::Details: None None - None.None@email.com
2019-11-30 22:39:48,778::DEBUG::__main__C%3A%2FUsers%2Fpr13905%2FAppData%2FRoaming%2FAutodesk%2FAutodesk%20Fusion%20360%2FAPI%2FAddIns%2FfusionLogger%2FfusionLogger_py::Hello addin
2019-11-30 22:39:48,780::DEBUG::__main__C%3A%2FUsers%2Fpr13905%2FAppData%2FRoaming%2FAutodesk%2FAutodesk%20Fusion%20360%2FAPI%2FAddIns%2FfusionLogger%2FfusionLogger_py::Add in started
2019-11-30 22:39:50,211::INFO::__main__C%3A%2FUsers%2Fpr13905%2FAppData%2FRoaming%2FAutodesk%2FAutodesk%20Fusion%20360%2FAPI%2FAddIns%2FfusionLogger%2FfusionLogger_py::Command: something happened 
2019-11-30 22:39:50,211::INFO::__main__C%3A%2FUsers%2Fpr13905%2FAppData%2FRoaming%2FAutodesk%2FAutodesk%20Fusion%20360%2FAPI%2FAddIns%2FfusionLogger%2FfusionLogger_py::Command: something happened 
2019-11-30 22:39:50,213::INFO::__main__C%3A%2FUsers%2Fpr13905%2FAppData%2FRoaming%2FAutodesk%2FAutodesk%20Fusion%20360%2FAPI%2FAddIns%2FfusionLogger%2FfusionLogger_py::Details: None None - None.None@email.com
2019-11-30 22:39:50,213::INFO::__main__C%3A%2FUsers%2Fpr13905%2FAppData%2FRoaming%2FAutodesk%2FAutodesk%20Fusion%20360%2FAPI%2FAddIns%2FfusionLogger%2FfusionLogger_py::Details: None None - None.None@email.com
2019-11-30 23:18:52,199::DEBUG::__main__C%3A%2FUsers%2Fpr13905%2FAppData%2FRoaming%2FAutodesk%2FAutodesk%20Fusion%20360%2FAPI%2FAddIns%2FfusionLogger%2FfusionLogger_py::Hello addin
2019-11-30 23:18:52,199::DEBUG::__main__C%3A%2FUsers%2Fpr13905%2FAppData%2FRoaming%2FAutodesk%2FAutodesk%20Fusion%20360%2FAPI%2FAddIns%2FfusionLogger%2FfusionLogger_py::Hello addin
2019-11-30 23:18:52,199::DEBUG::__main__C%3A%2FUsers%2Fpr13905%2FAppData%2FRoaming%2FAutodesk%2FAutodesk%20Fusion%20360%2FAPI%2FAddIns%2FfusionLogger%2FfusionLogger_py::Hello addin
2019-11-30 23:18:52,201::DEBUG::__main__C%3A%2FUsers%2Fpr13905%2FAppData%2FRoaming%2FAutodesk%2FAutodesk%20Fusion%20360%2FAPI%2FAddIns%2FfusionLogger%2FfusionLogger_py::Add in started
2019-11-30 23:18:52,201::DEBUG::__main__C%3A%2FUsers%2Fpr13905%2FAppData%2FRoaming%2FAutodesk%2FAutodesk%20Fusion%20360%2FAPI%2FAddIns%2FfusionLogger%2FfusionLogger_py::Add in started
2019-11-30 23:18:52,201::DEBUG::__main__C%3A%2FUsers%2Fpr13905%2FAppData%2FRoaming%2FAutodesk%2FAutodesk%20Fusion%20360%2FAPI%2FAddIns%2FfusionLogger%2FfusionLogger_py::Add in started
2019-11-30 23:18:53,174::INFO::__main__C%3A%2FUsers%2Fpr13905%2FAppData%2FRoaming%2FAutodesk%2FAutodesk%20Fusion%20360%2FAPI%2FAddIns%2FfusionLogger%2FfusionLogger_py::Command: something happened 
2019-11-30 23:18:53,174::INFO::__main__C%3A%2FUsers%2Fpr13905%2FAppData%2FRoaming%2FAutodesk%2FAutodesk%20Fusion%20360%2FAPI%2FAddIns%2FfusionLogger%2FfusionLogger_py::Command: something happened 
2019-11-30 23:18:53,174::INFO::__main__C%3A%2FUsers%2Fpr13905%2FAppData%2FRoaming%2FAutodesk%2FAutodesk%20Fusion%20360%2FAPI%2FAddIns%2FfusionLogger%2FfusionLogger_py::Command: something happened 
2019-11-30 23:18:53,174::INFO::__main__C%3A%2FUsers%2Fpr13905%2FAppData%2FRoaming%2FAutodesk%2FAutodesk%20Fusion%20360%2FAPI%2FAddIns%2FfusionLogger%2FfusionLogger_py::Command: something happened 
2019-11-30 23:18:53,176::INFO::__main__C%3A%2FUsers%2Fpr13905%2FAppData%2FRoaming%2FAutodesk%2FAutodesk%20Fusion%20360%2FAPI%2FAddIns%2FfusionLogger%2FfusionLogger_py::Details: None None - None.None@email.com
2019-11-30 23:18:53,176::INFO::__main__C%3A%2FUsers%2Fpr13905%2FAppData%2FRoaming%2FAutodesk%2FAutodesk%20Fusion%20360%2FAPI%2FAddIns%2FfusionLogger%2FfusionLogger_py::Details: None None - None.None@email.com
2019-11-30 23:18:53,176::INFO::__main__C%3A%2FUsers%2Fpr13905%2FAppData%2FRoaming%2FAutodesk%2FAutodesk%20Fusion%20360%2FAPI%2FAddIns%2FfusionLogger%2FfusionLogger_py::Details: None None - None.None@email.com
2019-11-30 23:18:53,176::INFO::__main__C%3A%2FUsers%2Fpr13905%2FAppData%2FRoaming%2FAutodesk%2FAutodesk%20Fusion%20360%2FAPI%2FAddIns%2FfusionLogger%2FfusionLogger_py::Details: None None - None.None@email.com
2019-11-30 23:19:41,911::DEBUG::__main__C%3A%2FUsers%2Fpr13905%2FAppData%2FRoaming%2FAutodesk%2FAutodesk%20Fusion%20360%2FAPI%2FAddIns%2FfusionLogger%2FfusionLogger_py::Hello addin
2019-11-30 23:19:41,911::DEBUG::__main__C%3A%2FUsers%2Fpr13905%2FAppData%2FRoaming%2FAutodesk%2FAutodesk%20Fusion%20360%2FAPI%2FAddIns%2FfusionLogger%2FfusionLogger_py::Hello addin
2019-11-30 23:19:41,911::DEBUG::__main__C%3A%2FUsers%2Fpr13905%2FAppData%2FRoaming%2FAutodesk%2FAutodesk%20Fusion%20360%2FAPI%2FAddIns%2FfusionLogger%2FfusionLogger_py::Hello addin
2019-11-30 23:19:41,911::DEBUG::__main__C%3A%2FUsers%2Fpr13905%2FAppData%2FRoaming%2FAutodesk%2FAutodesk%20Fusion%20360%2FAPI%2FAddIns%2FfusionLogger%2FfusionLogger_py::Hello addin
2019-11-30 23:19:41,913::DEBUG::__main__C%3A%2FUsers%2Fpr13905%2FAppData%2FRoaming%2FAutodesk%2FAutodesk%20Fusion%20360%2FAPI%2FAddIns%2FfusionLogger%2FfusionLogger_py::Add in started
2019-11-30 23:19:41,913::DEBUG::__main__C%3A%2FUsers%2Fpr13905%2FAppData%2FRoaming%2FAutodesk%2FAutodesk%20Fusion%20360%2FAPI%2FAddIns%2FfusionLogger%2FfusionLogger_py::Add in started
2019-11-30 23:19:41,913::DEBUG::__main__C%3A%2FUsers%2Fpr13905%2FAppData%2FRoaming%2FAutodesk%2FAutodesk%20Fusion%20360%2FAPI%2FAddIns%2FfusionLogger%2FfusionLogger_py::Add in started
2019-11-30 23:19:41,913::DEBUG::__main__C%3A%2FUsers%2Fpr13905%2FAppData%2FRoaming%2FAutodesk%2FAutodesk%20Fusion%20360%2FAPI%2FAddIns%2FfusionLogger%2FfusionLogger_py::Add in started
2019-11-30 23:19:43,294::INFO::__main__C%3A%2FUsers%2Fpr13905%2FAppData%2FRoaming%2FAutodesk%2FAutodesk%20Fusion%20360%2FAPI%2FAddIns%2FfusionLogger%2FfusionLogger_py::Command: something happened 
2019-11-30 23:19:43,294::INFO::__main__C%3A%2FUsers%2Fpr13905%2FAppData%2FRoaming%2FAutodesk%2FAutodesk%20Fusion%20360%2FAPI%2FAddIns%2FfusionLogger%2FfusionLogger_py::Command: something happened 
2019-11-30 23:19:43,294::INFO::__main__C%3A%2FUsers%2Fpr13905%2FAppData%2FRoaming%2FAutodesk%2FAutodesk%20Fusion%20360%2FAPI%2FAddIns%2FfusionLogger%2FfusionLogger_py::Command: something happened 
2019-11-30 23:19:43,294::INFO::__main__C%3A%2FUsers%2Fpr13905%2FAppData%2FRoaming%2FAutodesk%2FAutodesk%20Fusion%20360%2FAPI%2FAddIns%2FfusionLogger%2FfusionLogger_py::Command: something happened 
2019-11-30 23:19:43,294::INFO::__main__C%3A%2FUsers%2Fpr13905%2FAppData%2FRoaming%2FAutodesk%2FAutodesk%20Fusion%20360%2FAPI%2FAddIns%2FfusionLogger%2FfusionLogger_py::Command: something happened 
2019-11-30 23:19:43,297::INFO::__main__C%3A%2FUsers%2Fpr13905%2FAppData%2FRoaming%2FAutodesk%2FAutodesk%20Fusion%20360%2FAPI%2FAddIns%2FfusionLogger%2FfusionLogger_py::Details: None None - None.None@email.com
2019-11-30 23:19:43,297::INFO::__main__C%3A%2FUsers%2Fpr13905%2FAppData%2FRoaming%2FAutodesk%2FAutodesk%20Fusion%20360%2FAPI%2FAddIns%2FfusionLogger%2FfusionLogger_py::Details: None None - None.None@email.com
2019-11-30 23:19:43,297::INFO::__main__C%3A%2FUsers%2Fpr13905%2FAppData%2FRoaming%2FAutodesk%2FAutodesk%20Fusion%20360%2FAPI%2FAddIns%2FfusionLogger%2FfusionLogger_py::Details: None None - None.None@email.com
2019-11-30 23:19:43,297::INFO::__main__C%3A%2FUsers%2Fpr13905%2FAppData%2FRoaming%2FAutodesk%2FAutodesk%20Fusion%20360%2FAPI%2FAddIns%2FfusionLogger%2FfusionLogger_py::Details: None None - None.None@email.com
2019-11-30 23:19:43,297::INFO::__main__C%3A%2FUsers%2Fpr13905%2FAppData%2FRoaming%2FAutodesk%2FAutodesk%20Fusion%20360%2FAPI%2FAddIns%2FfusionLogger%2FfusionLogger_py::Details: None None - None.None@email.com
2019-11-30 23:20:29,814::DEBUG::__main__C%3A%2FUsers%2Fpr13905%2FAppData%2FRoaming%2FAutodesk%2FAutodesk%20Fusion%20360%2FAPI%2FAddIns%2FfusionLogger%2FfusionLogger_py::Hello addin
2019-11-30 23:20:29,814::DEBUG::__main__C%3A%2FUsers%2Fpr13905%2FAppData%2FRoaming%2FAutodesk%2FAutodesk%20Fusion%20360%2FAPI%2FAddIns%2FfusionLogger%2FfusionLogger_py::Hello addin
2019-11-30 23:20:29,814::DEBUG::__main__C%3A%2FUsers%2Fpr13905%2FAppData%2FRoaming%2FAutodesk%2FAutodesk%20Fusion%20360%2FAPI%2FAddIns%2FfusionLogger%2FfusionLogger_py::Hello addin
2019-11-30 23:20:29,814::DEBUG::__main__C%3A%2FUsers%2Fpr13905%2FAppData%2FRoaming%2FAutodesk%2FAutodesk%20Fusion%20360%2FAPI%2FAddIns%2FfusionLogger%2FfusionLogger_py::Hello addin
2019-11-30 23:20:29,814::DEBUG::__main__C%3A%2FUsers%2Fpr13905%2FAppData%2FRoaming%2FAutodesk%2FAutodesk%20Fusion%20360%2FAPI%2FAddIns%2FfusionLogger%2FfusionLogger_py::Hello addin
2019-11-30 23:20:29,816::DEBUG::__main__C%3A%2FUsers%2Fpr13905%2FAppData%2FRoaming%2FAutodesk%2FAutodesk%20Fusion%20360%2FAPI%2FAddIns%2FfusionLogger%2FfusionLogger_py::Add in started
2019-11-30 23:20:29,816::DEBUG::__main__C%3A%2FUsers%2Fpr13905%2FAppData%2FRoaming%2FAutodesk%2FAutodesk%20Fusion%20360%2FAPI%2FAddIns%2FfusionLogger%2FfusionLogger_py::Add in started
2019-11-30 23:20:29,816::DEBUG::__main__C%3A%2FUsers%2Fpr13905%2FAppData%2FRoaming%2FAutodesk%2FAutodesk%20Fusion%20360%2FAPI%2FAddIns%2FfusionLogger%2FfusionLogger_py::Add in started
2019-11-30 23:20:29,816::DEBUG::__main__C%3A%2FUsers%2Fpr13905%2FAppData%2FRoaming%2FAutodesk%2FAutodesk%20Fusion%20360%2FAPI%2FAddIns%2FfusionLogger%2FfusionLogger_py::Add in started
2019-11-30 23:20:29,816::DEBUG::__main__C%3A%2FUsers%2Fpr13905%2FAppData%2FRoaming%2FAutodesk%2FAutodesk%20Fusion%20360%2FAPI%2FAddIns%2FfusionLogger%2FfusionLogger_py::Add in started
2019-11-30 23:20:30,899::INFO::__main__C%3A%2FUsers%2Fpr13905%2FAppData%2FRoaming%2FAutodesk%2FAutodesk%20Fusion%20360%2FAPI%2FAddIns%2FfusionLogger%2FfusionLogger_py::Command: something happened 
2019-11-30 23:20:30,899::INFO::__main__C%3A%2FUsers%2Fpr13905%2FAppData%2FRoaming%2FAutodesk%2FAutodesk%20Fusion%20360%2FAPI%2FAddIns%2FfusionLogger%2FfusionLogger_py::Command: something happened 
2019-11-30 23:20:30,899::INFO::__main__C%3A%2FUsers%2Fpr13905%2FAppData%2FRoaming%2FAutodesk%2FAutodesk%20Fusion%20360%2FAPI%2FAddIns%2FfusionLogger%2FfusionLogger_py::Command: something happened 
2019-11-30 23:20:30,899::INFO::__main__C%3A%2FUsers%2Fpr13905%2FAppData%2FRoaming%2FAutodesk%2FAutodesk%20Fusion%20360%2FAPI%2FAddIns%2FfusionLogger%2FfusionLogger_py::Command: something happened 
2019-11-30 23:20:30,899::INFO::__main__C%3A%2FUsers%2Fpr13905%2FAppData%2FRoaming%2FAutodesk%2FAutodesk%20Fusion%20360%2FAPI%2FAddIns%2FfusionLogger%2FfusionLogger_py::Command: something happened 
2019-11-30 23:20:30,899::INFO::__main__C%3A%2FUsers%2Fpr13905%2FAppData%2FRoaming%2FAutodesk%2FAutodesk%20Fusion%20360%2FAPI%2FAddIns%2FfusionLogger%2FfusionLogger_py::Command: something happened 
2019-11-30 23:20:30,901::INFO::__main__C%3A%2FUsers%2Fpr13905%2FAppData%2FRoaming%2FAutodesk%2FAutodesk%20Fusion%20360%2FAPI%2FAddIns%2FfusionLogger%2FfusionLogger_py::Details: None None - None.None@email.com
2019-11-30 23:20:30,901::INFO::__main__C%3A%2FUsers%2Fpr13905%2FAppData%2FRoaming%2FAutodesk%2FAutodesk%20Fusion%20360%2FAPI%2FAddIns%2FfusionLogger%2FfusionLogger_py::Details: None None - None.None@email.com
2019-11-30 23:20:30,901::INFO::__main__C%3A%2FUsers%2Fpr13905%2FAppData%2FRoaming%2FAutodesk%2FAutodesk%20Fusion%20360%2FAPI%2FAddIns%2FfusionLogger%2FfusionLogger_py::Details: None None - None.None@email.com
2019-11-30 23:20:30,901::INFO::__main__C%3A%2FUsers%2Fpr13905%2FAppData%2FRoaming%2FAutodesk%2FAutodesk%20Fusion%20360%2FAPI%2FAddIns%2FfusionLogger%2FfusionLogger_py::Details: None None - None.None@email.com
2019-11-30 23:20:30,901::INFO::__main__C%3A%2FUsers%2Fpr13905%2FAppData%2FRoaming%2FAutodesk%2FAutodesk%20Fusion%20360%2FAPI%2FAddIns%2FfusionLogger%2FfusionLogger_py::Details: None None - None.None@email.com
2019-11-30 23:20:30,901::INFO::__main__C%3A%2FUsers%2Fpr13905%2FAppData%2FRoaming%2FAutodesk%2FAutodesk%20Fusion%20360%2FAPI%2FAddIns%2FfusionLogger%2FfusionLogger_py::Details: None None - None.None@email.com
2019-12-01 21:57:22,732::INFO::__main__C%3A%2FUsers%2Frosso%2FAppData%2FRoaming%2FAutodesk%2FAutodesk%20Fusion%20360%2FAPI%2FAddIns%2FfusionLogger%2FfusionLogger_py::Command: something happened 
2019-12-01 21:57:22,733::INFO::__main__C%3A%2FUsers%2Frosso%2FAppData%2FRoaming%2FAutodesk%2FAutodesk%20Fusion%20360%2FAPI%2FAddIns%2FfusionLogger%2FfusionLogger_py::Details: None None - None.None@email.com
2019-12-02 00:39:51,656::DEBUG::__main__C%3A%2FUsers%2Frosso%2FAppData%2FRoaming%2FAutodesk%2FAutodesk%20Fusion%20360%2FAPI%2FAddIns%2FfusionLogger%2FfusionLogger_py::Hello addin
2019-12-02 00:39:51,656::DEBUG::__main__C%3A%2FUsers%2Frosso%2FAppData%2FRoaming%2FAutodesk%2FAutodesk%20Fusion%20360%2FAPI%2FAddIns%2FfusionLogger%2FfusionLogger_py::Add in started
2019-12-02 00:39:52,811::INFO::__main__C%3A%2FUsers%2Frosso%2FAppData%2FRoaming%2FAutodesk%2FAutodesk%20Fusion%20360%2FAPI%2FAddIns%2FfusionLogger%2FfusionLogger_py::Command: something happened 
2019-12-02 00:39:52,811::INFO::__main__C%3A%2FUsers%2Frosso%2FAppData%2FRoaming%2FAutodesk%2FAutodesk%20Fusion%20360%2FAPI%2FAddIns%2FfusionLogger%2FfusionLogger_py::Command: something happened 
2019-12-02 00:39:52,811::INFO::__main__C%3A%2FUsers%2Frosso%2FAppData%2FRoaming%2FAutodesk%2FAutodesk%20Fusion%20360%2FAPI%2FAddIns%2FfusionLogger%2FfusionLogger_py::Details: None None - None.None@email.com
2019-12-02 00:39:52,811::INFO::__main__C%3A%2FUsers%2Frosso%2FAppData%2FRoaming%2FAutodesk%2FAutodesk%20Fusion%20360%2FAPI%2FAddIns%2FfusionLogger%2FfusionLogger_py::Details: None None - None.None@email.com
2019-12-02 00:46:05,241::DEBUG::__main__C%3A%2FUsers%2Frosso%2FAppData%2FRoaming%2FAutodesk%2FAutodesk%20Fusion%20360%2FAPI%2FAddIns%2FfusionLogger%2FfusionLogger_py::Hello addin
2019-12-02 00:46:05,241::DEBUG::__main__C%3A%2FUsers%2Frosso%2FAppData%2FRoaming%2FAutodesk%2FAutodesk%20Fusion%20360%2FAPI%2FAddIns%2FfusionLogger%2FfusionLogger_py::Hello addin
2019-12-02 00:46:05,242::DEBUG::__main__C%3A%2FUsers%2Frosso%2FAppData%2FRoaming%2FAutodesk%2FAutodesk%20Fusion%20360%2FAPI%2FAddIns%2FfusionLogger%2FfusionLogger_py::Add in started
2019-12-02 00:46:05,242::DEBUG::__main__C%3A%2FUsers%2Frosso%2FAppData%2FRoaming%2FAutodesk%2FAutodesk%20Fusion%20360%2FAPI%2FAddIns%2FfusionLogger%2FfusionLogger_py::Add in started
2019-12-02 00:46:06,112::INFO::__main__C%3A%2FUsers%2Frosso%2FAppData%2FRoaming%2FAutodesk%2FAutodesk%20Fusion%20360%2FAPI%2FAddIns%2FfusionLogger%2FfusionLogger_py::Command: something happened 
2019-12-02 00:46:06,112::INFO::__main__C%3A%2FUsers%2Frosso%2FAppData%2FRoaming%2FAutodesk%2FAutodesk%20Fusion%20360%2FAPI%2FAddIns%2FfusionLogger%2FfusionLogger_py::Command: something happened 
2019-12-02 00:46:06,112::INFO::__main__C%3A%2FUsers%2Frosso%2FAppData%2FRoaming%2FAutodesk%2FAutodesk%20Fusion%20360%2FAPI%2FAddIns%2FfusionLogger%2FfusionLogger_py::Command: something happened 
2019-12-02 00:46:06,113::INFO::__main__C%3A%2FUsers%2Frosso%2FAppData%2FRoaming%2FAutodesk%2FAutodesk%20Fusion%20360%2FAPI%2FAddIns%2FfusionLogger%2FfusionLogger_py::Details: None None - None.None@email.com
2019-12-02 00:46:06,113::INFO::__main__C%3A%2FUsers%2Frosso%2FAppData%2FRoaming%2FAutodesk%2FAutodesk%20Fusion%20360%2FAPI%2FAddIns%2FfusionLogger%2FfusionLogger_py::Details: None None - None.None@email.com
2019-12-02 00:46:06,113::INFO::__main__C%3A%2FUsers%2Frosso%2FAppData%2FRoaming%2FAutodesk%2FAutodesk%20Fusion%20360%2FAPI%2FAddIns%2FfusionLogger%2FfusionLogger_py::Details: None None - None.None@email.com
2019-12-02 00:55:11,781::DEBUG::__main__C%3A%2FUsers%2Frosso%2FAppData%2FRoaming%2FAutodesk%2FAutodesk%20Fusion%20360%2FAPI%2FAddIns%2FfusionLogger%2FfusionLogger_py::Hello addin
2019-12-02 00:55:11,781::DEBUG::__main__C%3A%2FUsers%2Frosso%2FAppData%2FRoaming%2FAutodesk%2FAutodesk%20Fusion%20360%2FAPI%2FAddIns%2FfusionLogger%2FfusionLogger_py::Hello addin
2019-12-02 00:55:11,781::DEBUG::__main__C%3A%2FUsers%2Frosso%2FAppData%2FRoaming%2FAutodesk%2FAutodesk%20Fusion%20360%2FAPI%2FAddIns%2FfusionLogger%2FfusionLogger_py::Hello addin
2019-12-02 00:55:11,781::DEBUG::__main__C%3A%2FUsers%2Frosso%2FAppData%2FRoaming%2FAutodesk%2FAutodesk%20Fusion%20360%2FAPI%2FAddIns%2FfusionLogger%2FfusionLogger_py::Add in started
2019-12-02 00:55:11,781::DEBUG::__main__C%3A%2FUsers%2Frosso%2FAppData%2FRoaming%2FAutodesk%2FAutodesk%20Fusion%20360%2FAPI%2FAddIns%2FfusionLogger%2FfusionLogger_py::Add in started
2019-12-02 00:55:11,781::DEBUG::__main__C%3A%2FUsers%2Frosso%2FAppData%2FRoaming%2FAutodesk%2FAutodesk%20Fusion%20360%2FAPI%2FAddIns%2FfusionLogger%2FfusionLogger_py::Add in started
2019-12-02 00:55:13,758::INFO::__main__C%3A%2FUsers%2Frosso%2FAppData%2FRoaming%2FAutodesk%2FAutodesk%20Fusion%20360%2FAPI%2FAddIns%2FfusionLogger%2FfusionLogger_py::Command: something happened 
2019-12-02 00:55:13,758::INFO::__main__C%3A%2FUsers%2Frosso%2FAppData%2FRoaming%2FAutodesk%2FAutodesk%20Fusion%20360%2FAPI%2FAddIns%2FfusionLogger%2FfusionLogger_py::Command: something happened 
2019-12-02 00:55:13,758::INFO::__main__C%3A%2FUsers%2Frosso%2FAppData%2FRoaming%2FAutodesk%2FAutodesk%20Fusion%20360%2FAPI%2FAddIns%2FfusionLogger%2FfusionLogger_py::Command: something happened 
2019-12-02 00:55:13,758::INFO::__main__C%3A%2FUsers%2Frosso%2FAppData%2FRoaming%2FAutodesk%2FAutodesk%20Fusion%20360%2FAPI%2FAddIns%2FfusionLogger%2FfusionLogger_py::Command: something happened 
2019-12-02 00:55:13,759::INFO::__main__C%3A%2FUsers%2Frosso%2FAppData%2FRoaming%2FAutodesk%2FAutodesk%20Fusion%20360%2FAPI%2FAddIns%2FfusionLogger%2FfusionLogger_py::Details: None None - None.None@email.com
2019-12-02 00:55:13,759::INFO::__main__C%3A%2FUsers%2Frosso%2FAppData%2FRoaming%2FAutodesk%2FAutodesk%20Fusion%20360%2FAPI%2FAddIns%2FfusionLogger%2FfusionLogger_py::Details: None None - None.None@email.com
2019-12-02 00:55:13,759::INFO::__main__C%3A%2FUsers%2Frosso%2FAppData%2FRoaming%2FAutodesk%2FAutodesk%20Fusion%20360%2FAPI%2FAddIns%2FfusionLogger%2FfusionLogger_py::Details: None None - None.None@email.com
2019-12-02 00:55:13,759::INFO::__main__C%3A%2FUsers%2Frosso%2FAppData%2FRoaming%2FAutodesk%2FAutodesk%20Fusion%20360%2FAPI%2FAddIns%2FfusionLogger%2FfusionLogger_py::Details: None None - None.None@email.com
2019-12-02 00:57:53,085::DEBUG::__main__C%3A%2FUsers%2Frosso%2FAppData%2FRoaming%2FAutodesk%2FAutodesk%20Fusion%20360%2FAPI%2FAddIns%2FfusionLogger%2FfusionLogger_py::Hello addin
2019-12-02 00:57:53,085::DEBUG::__main__C%3A%2FUsers%2Frosso%2FAppData%2FRoaming%2FAutodesk%2FAutodesk%20Fusion%20360%2FAPI%2FAddIns%2FfusionLogger%2FfusionLogger_py::Hello addin
2019-12-02 00:57:53,085::DEBUG::__main__C%3A%2FUsers%2Frosso%2FAppData%2FRoaming%2FAutodesk%2FAutodesk%20Fusion%20360%2FAPI%2FAddIns%2FfusionLogger%2FfusionLogger_py::Hello addin
2019-12-02 00:57:53,085::DEBUG::__main__C%3A%2FUsers%2Frosso%2FAppData%2FRoaming%2FAutodesk%2FAutodesk%20Fusion%20360%2FAPI%2FAddIns%2FfusionLogger%2FfusionLogger_py::Hello addin
2019-12-02 00:57:53,086::DEBUG::__main__C%3A%2FUsers%2Frosso%2FAppData%2FRoaming%2FAutodesk%2FAutodesk%20Fusion%20360%2FAPI%2FAddIns%2FfusionLogger%2FfusionLogger_py::Add in started
2019-12-02 00:57:53,086::DEBUG::__main__C%3A%2FUsers%2Frosso%2FAppData%2FRoaming%2FAutodesk%2FAutodesk%20Fusion%20360%2FAPI%2FAddIns%2FfusionLogger%2FfusionLogger_py::Add in started
2019-12-02 00:57:53,086::DEBUG::__main__C%3A%2FUsers%2Frosso%2FAppData%2FRoaming%2FAutodesk%2FAutodesk%20Fusion%20360%2FAPI%2FAddIns%2FfusionLogger%2FfusionLogger_py::Add in started
2019-12-02 00:57:53,086::DEBUG::__main__C%3A%2FUsers%2Frosso%2FAppData%2FRoaming%2FAutodesk%2FAutodesk%20Fusion%20360%2FAPI%2FAddIns%2FfusionLogger%2FfusionLogger_py::Add in started
2019-12-02 00:57:55,214::INFO::__main__C%3A%2FUsers%2Frosso%2FAppData%2FRoaming%2FAutodesk%2FAutodesk%20Fusion%20360%2FAPI%2FAddIns%2FfusionLogger%2FfusionLogger_py::Command: something happened 
2019-12-02 00:57:55,214::INFO::__main__C%3A%2FUsers%2Frosso%2FAppData%2FRoaming%2FAutodesk%2FAutodesk%20Fusion%20360%2FAPI%2FAddIns%2FfusionLogger%2FfusionLogger_py::Command: something happened 
2019-12-02 00:57:55,214::INFO::__main__C%3A%2FUsers%2Frosso%2FAppData%2FRoaming%2FAutodesk%2FAutodesk%20Fusion%20360%2FAPI%2FAddIns%2FfusionLogger%2FfusionLogger_py::Command: something happened 
2019-12-02 00:57:55,214::INFO::__main__C%3A%2FUsers%2Frosso%2FAppData%2FRoaming%2FAutodesk%2FAutodesk%20Fusion%20360%2FAPI%2FAddIns%2FfusionLogger%2FfusionLogger_py::Command: something happened 
2019-12-02 00:57:55,214::INFO::__main__C%3A%2FUsers%2Frosso%2FAppData%2FRoaming%2FAutodesk%2FAutodesk%20Fusion%20360%2FAPI%2FAddIns%2FfusionLogger%2FfusionLogger_py::Command: something happened 
2019-12-02 00:57:55,215::INFO::__main__C%3A%2FUsers%2Frosso%2FAppData%2FRoaming%2FAutodesk%2FAutodesk%20Fusion%20360%2FAPI%2FAddIns%2FfusionLogger%2FfusionLogger_py::Details: None None - None.None@email.com
2019-12-02 00:57:55,215::INFO::__main__C%3A%2FUsers%2Frosso%2FAppData%2FRoaming%2FAutodesk%2FAutodesk%20Fusion%20360%2FAPI%2FAddIns%2FfusionLogger%2FfusionLogger_py::Details: None None - None.None@email.com
2019-12-02 00:57:55,215::INFO::__main__C%3A%2FUsers%2Frosso%2FAppData%2FRoaming%2FAutodesk%2FAutodesk%20Fusion%20360%2FAPI%2FAddIns%2FfusionLogger%2FfusionLogger_py::Details: None None - None.None@email.com
2019-12-02 00:57:55,215::INFO::__main__C%3A%2FUsers%2Frosso%2FAppData%2FRoaming%2FAutodesk%2FAutodesk%20Fusion%20360%2FAPI%2FAddIns%2FfusionLogger%2FfusionLogger_py::Details: None None - None.None@email.com
2019-12-02 00:57:55,215::INFO::__main__C%3A%2FUsers%2Frosso%2FAppData%2FRoaming%2FAutodesk%2FAutodesk%20Fusion%20360%2FAPI%2FAddIns%2FfusionLogger%2FfusionLogger_py::Details: None None - None.None@email.com
2019-12-02 01:20:42,063::DEBUG::__main__C%3A%2FUsers%2Frosso%2FAppData%2FRoaming%2FAutodesk%2FAutodesk%20Fusion%20360%2FAPI%2FAddIns%2FfusionLogger%2FfusionLogger_py::Hello addin
2019-12-02 01:20:42,063::DEBUG::__main__C%3A%2FUsers%2Frosso%2FAppData%2FRoaming%2FAutodesk%2FAutodesk%20Fusion%20360%2FAPI%2FAddIns%2FfusionLogger%2FfusionLogger_py::Hello addin
2019-12-02 01:20:42,063::DEBUG::__main__C%3A%2FUsers%2Frosso%2FAppData%2FRoaming%2FAutodesk%2FAutodesk%20Fusion%20360%2FAPI%2FAddIns%2FfusionLogger%2FfusionLogger_py::Hello addin
2019-12-02 01:20:42,063::DEBUG::__main__C%3A%2FUsers%2Frosso%2FAppData%2FRoaming%2FAutodesk%2FAutodesk%20Fusion%20360%2FAPI%2FAddIns%2FfusionLogger%2FfusionLogger_py::Hello addin
2019-12-02 01:20:42,063::DEBUG::__main__C%3A%2FUsers%2Frosso%2FAppData%2FRoaming%2FAutodesk%2FAutodesk%20Fusion%20360%2FAPI%2FAddIns%2FfusionLogger%2FfusionLogger_py::Hello addin
2019-12-02 01:20:42,064::DEBUG::__main__C%3A%2FUsers%2Frosso%2FAppData%2FRoaming%2FAutodesk%2FAutodesk%20Fusion%20360%2FAPI%2FAddIns%2FfusionLogger%2FfusionLogger_py::Add in started
2019-12-02 01:20:42,064::DEBUG::__main__C%3A%2FUsers%2Frosso%2FAppData%2FRoaming%2FAutodesk%2FAutodesk%20Fusion%20360%2FAPI%2FAddIns%2FfusionLogger%2FfusionLogger_py::Add in started
2019-12-02 01:20:42,064::DEBUG::__main__C%3A%2FUsers%2Frosso%2FAppData%2FRoaming%2FAutodesk%2FAutodesk%20Fusion%20360%2FAPI%2FAddIns%2FfusionLogger%2FfusionLogger_py::Add in started
2019-12-02 01:20:42,064::DEBUG::__main__C%3A%2FUsers%2Frosso%2FAppData%2FRoaming%2FAutodesk%2FAutodesk%20Fusion%20360%2FAPI%2FAddIns%2FfusionLogger%2FfusionLogger_py::Add in started
2019-12-02 01:20:42,064::DEBUG::__main__C%3A%2FUsers%2Frosso%2FAppData%2FRoaming%2FAutodesk%2FAutodesk%20Fusion%20360%2FAPI%2FAddIns%2FfusionLogger%2FfusionLogger_py::Add in started
2019-12-02 01:20:43,403::INFO::__main__C%3A%2FUsers%2Frosso%2FAppData%2FRoaming%2FAutodesk%2FAutodesk%20Fusion%20360%2FAPI%2FAddIns%2FfusionLogger%2FfusionLogger_py::Command: something happened 
2019-12-02 01:20:43,403::INFO::__main__C%3A%2FUsers%2Frosso%2FAppData%2FRoaming%2FAutodesk%2FAutodesk%20Fusion%20360%2FAPI%2FAddIns%2FfusionLogger%2FfusionLogger_py::Command: something happened 
2019-12-02 01:20:43,403::INFO::__main__C%3A%2FUsers%2Frosso%2FAppData%2FRoaming%2FAutodesk%2FAutodesk%20Fusion%20360%2FAPI%2FAddIns%2FfusionLogger%2FfusionLogger_py::Command: something happened 
2019-12-02 01:20:43,403::INFO::__main__C%3A%2FUsers%2Frosso%2FAppData%2FRoaming%2FAutodesk%2FAutodesk%20Fusion%20360%2FAPI%2FAddIns%2FfusionLogger%2FfusionLogger_py::Command: something happened 
2019-12-02 01:20:43,403::INFO::__main__C%3A%2FUsers%2Frosso%2FAppData%2FRoaming%2FAutodesk%2FAutodesk%20Fusion%20360%2FAPI%2FAddIns%2FfusionLogger%2FfusionLogger_py::Command: something happened 
2019-12-02 01:20:43,403::INFO::__main__C%3A%2FUsers%2Frosso%2FAppData%2FRoaming%2FAutodesk%2FAutodesk%20Fusion%20360%2FAPI%2FAddIns%2FfusionLogger%2FfusionLogger_py::Command: something happened 
2019-12-02 01:20:43,403::INFO::__main__C%3A%2FUsers%2Frosso%2FAppData%2FRoaming%2FAutodesk%2FAutodesk%20Fusion%20360%2FAPI%2FAddIns%2FfusionLogger%2FfusionLogger_py::Details: None None - None.None@email.com
2019-12-02 01:20:43,403::INFO::__main__C%3A%2FUsers%2Frosso%2FAppData%2FRoaming%2FAutodesk%2FAutodesk%20Fusion%20360%2FAPI%2FAddIns%2FfusionLogger%2FfusionLogger_py::Details: None None - None.None@email.com
2019-12-02 01:20:43,403::INFO::__main__C%3A%2FUsers%2Frosso%2FAppData%2FRoaming%2FAutodesk%2FAutodesk%20Fusion%20360%2FAPI%2FAddIns%2FfusionLogger%2FfusionLogger_py::Details: None None - None.None@email.com
2019-12-02 01:20:43,403::INFO::__main__C%3A%2FUsers%2Frosso%2FAppData%2FRoaming%2FAutodesk%2FAutodesk%20Fusion%20360%2FAPI%2FAddIns%2FfusionLogger%2FfusionLogger_py::Details: None None - None.None@email.com
2019-12-02 01:20:43,403::INFO::__main__C%3A%2FUsers%2Frosso%2FAppData%2FRoaming%2FAutodesk%2FAutodesk%20Fusion%20360%2FAPI%2FAddIns%2FfusionLogger%2FfusionLogger_py::Details: None None - None.None@email.com
2019-12-02 01:20:43,403::INFO::__main__C%3A%2FUsers%2Frosso%2FAppData%2FRoaming%2FAutodesk%2FAutodesk%20Fusion%20360%2FAPI%2FAddIns%2FfusionLogger%2FfusionLogger_py::Details: None None - None.None@email.com
2019-12-02 01:23:33,845::DEBUG::__main__C%3A%2FUsers%2Frosso%2FAppData%2FRoaming%2FAutodesk%2FAutodesk%20Fusion%20360%2FAPI%2FAddIns%2FfusionLogger%2FfusionLogger_py::Hello addin
2019-12-02 01:23:33,845::DEBUG::__main__C%3A%2FUsers%2Frosso%2FAppData%2FRoaming%2FAutodesk%2FAutodesk%20Fusion%20360%2FAPI%2FAddIns%2FfusionLogger%2FfusionLogger_py::Hello addin
2019-12-02 01:23:33,845::DEBUG::__main__C%3A%2FUsers%2Frosso%2FAppData%2FRoaming%2FAutodesk%2FAutodesk%20Fusion%20360%2FAPI%2FAddIns%2FfusionLogger%2FfusionLogger_py::Hello addin
2019-12-02 01:23:33,845::DEBUG::__main__C%3A%2FUsers%2Frosso%2FAppData%2FRoaming%2FAutodesk%2FAutodesk%20Fusion%20360%2FAPI%2FAddIns%2FfusionLogger%2FfusionLogger_py::Hello addin
2019-12-02 01:23:33,845::DEBUG::__main__C%3A%2FUsers%2Frosso%2FAppData%2FRoaming%2FAutodesk%2FAutodesk%20Fusion%20360%2FAPI%2FAddIns%2FfusionLogger%2FfusionLogger_py::Hello addin
2019-12-02 01:23:33,845::DEBUG::__main__C%3A%2FUsers%2Frosso%2FAppData%2FRoaming%2FAutodesk%2FAutodesk%20Fusion%20360%2FAPI%2FAddIns%2FfusionLogger%2FfusionLogger_py::Hello addin
2019-12-02 01:23:33,847::DEBUG::__main__C%3A%2FUsers%2Frosso%2FAppData%2FRoaming%2FAutodesk%2FAutodesk%20Fusion%20360%2FAPI%2FAddIns%2FfusionLogger%2FfusionLogger_py::Add in started
2019-12-02 01:23:33,847::DEBUG::__main__C%3A%2FUsers%2Frosso%2FAppData%2FRoaming%2FAutodesk%2FAutodesk%20Fusion%20360%2FAPI%2FAddIns%2FfusionLogger%2FfusionLogger_py::Add in started
2019-12-02 01:23:33,847::DEBUG::__main__C%3A%2FUsers%2Frosso%2FAppData%2FRoaming%2FAutodesk%2FAutodesk%20Fusion%20360%2FAPI%2FAddIns%2FfusionLogger%2FfusionLogger_py::Add in started
2019-12-02 01:23:33,847::DEBUG::__main__C%3A%2FUsers%2Frosso%2FAppData%2FRoaming%2FAutodesk%2FAutodesk%20Fusion%20360%2FAPI%2FAddIns%2FfusionLogger%2FfusionLogger_py::Add in started
2019-12-02 01:23:33,847::DEBUG::__main__C%3A%2FUsers%2Frosso%2FAppData%2FRoaming%2FAutodesk%2FAutodesk%20Fusion%20360%2FAPI%2FAddIns%2FfusionLogger%2FfusionLogger_py::Add in started
2019-12-02 01:23:33,847::DEBUG::__main__C%3A%2FUsers%2Frosso%2FAppData%2FRoaming%2FAutodesk%2FAutodesk%20Fusion%20360%2FAPI%2FAddIns%2FfusionLogger%2FfusionLogger_py::Add in started
2019-12-02 01:23:35,708::INFO::__main__C%3A%2FUsers%2Frosso%2FAppData%2FRoaming%2FAutodesk%2FAutodesk%20Fusion%20360%2FAPI%2FAddIns%2FfusionLogger%2FfusionLogger_py::Command: something happened 
2019-12-02 01:23:35,708::INFO::__main__C%3A%2FUsers%2Frosso%2FAppData%2FRoaming%2FAutodesk%2FAutodesk%20Fusion%20360%2FAPI%2FAddIns%2FfusionLogger%2FfusionLogger_py::Command: something happened 
2019-12-02 01:23:35,708::INFO::__main__C%3A%2FUsers%2Frosso%2FAppData%2FRoaming%2FAutodesk%2FAutodesk%20Fusion%20360%2FAPI%2FAddIns%2FfusionLogger%2FfusionLogger_py::Command: something happened 
2019-12-02 01:23:35,708::INFO::__main__C%3A%2FUsers%2Frosso%2FAppData%2FRoaming%2FAutodesk%2FAutodesk%20Fusion%20360%2FAPI%2FAddIns%2FfusionLogger%2FfusionLogger_py::Command: something happened 
2019-12-02 01:23:35,708::INFO::__main__C%3A%2FUsers%2Frosso%2FAppData%2FRoaming%2FAutodesk%2FAutodesk%20Fusion%20360%2FAPI%2FAddIns%2FfusionLogger%2FfusionLogger_py::Command: something happened 
2019-12-02 01:23:35,708::INFO::__main__C%3A%2FUsers%2Frosso%2FAppData%2FRoaming%2FAutodesk%2FAutodesk%20Fusion%20360%2FAPI%2FAddIns%2FfusionLogger%2FfusionLogger_py::Command: something happened 
2019-12-02 01:23:35,708::INFO::__main__C%3A%2FUsers%2Frosso%2FAppData%2FRoaming%2FAutodesk%2FAutodesk%20Fusion%20360%2FAPI%2FAddIns%2FfusionLogger%2FfusionLogger_py::Command: something happened 
2019-12-02 01:23:35,710::INFO::__main__C%3A%2FUsers%2Frosso%2FAppData%2FRoaming%2FAutodesk%2FAutodesk%20Fusion%20360%2FAPI%2FAddIns%2FfusionLogger%2FfusionLogger_py::Details: None None - None.None@email.com
2019-12-02 01:23:35,710::INFO::__main__C%3A%2FUsers%2Frosso%2FAppData%2FRoaming%2FAutodesk%2FAutodesk%20Fusion%20360%2FAPI%2FAddIns%2FfusionLogger%2FfusionLogger_py::Details: None None - None.None@email.com
2019-12-02 01:23:35,710::INFO::__main__C%3A%2FUsers%2Frosso%2FAppData%2FRoaming%2FAutodesk%2FAutodesk%20Fusion%20360%2FAPI%2FAddIns%2FfusionLogger%2FfusionLogger_py::Details: None None - None.None@email.com
2019-12-02 01:23:35,710::INFO::__main__C%3A%2FUsers%2Frosso%2FAppData%2FRoaming%2FAutodesk%2FAutodesk%20Fusion%20360%2FAPI%2FAddIns%2FfusionLogger%2FfusionLogger_py::Details: None None - None.None@email.com
2019-12-02 01:23:35,710::INFO::__main__C%3A%2FUsers%2Frosso%2FAppData%2FRoaming%2FAutodesk%2FAutodesk%20Fusion%20360%2FAPI%2FAddIns%2FfusionLogger%2FfusionLogger_py::Details: None None - None.None@email.com
2019-12-02 01:23:35,710::INFO::__main__C%3A%2FUsers%2Frosso%2FAppData%2FRoaming%2FAutodesk%2FAutodesk%20Fusion%20360%2FAPI%2FAddIns%2FfusionLogger%2FfusionLogger_py::Details: None None - None.None@email.com
2019-12-02 01:23:35,710::INFO::__main__C%3A%2FUsers%2Frosso%2FAppData%2FRoaming%2FAutodesk%2FAutodesk%20Fusion%20360%2FAPI%2FAddIns%2FfusionLogger%2FfusionLogger_py::Details: None None - None.None@email.com
2019-12-02 09:56:35,664::INFO::__main__C%3A%2FUsers%2Fpr13905%2FAppData%2FRoaming%2FAutodesk%2FAutodesk%20Fusion%20360%2FAPI%2FAddIns%2FfusionLogger%2FfusionLogger_py::Command: something happened 
2019-12-02 09:56:35,665::INFO::__main__C%3A%2FUsers%2Fpr13905%2FAppData%2FRoaming%2FAutodesk%2FAutodesk%20Fusion%20360%2FAPI%2FAddIns%2FfusionLogger%2FfusionLogger_py::Details: None None - None.None@email.com
2019-12-02 10:39:44,789::INFO::__main__C%3A%2FUsers%2Fpr13905%2FAppData%2FRoaming%2FAutodesk%2FAutodesk%20Fusion%20360%2FAPI%2FAddIns%2FfusionLogger%2FfusionLogger_py::Command: something happened 
2019-12-02 10:39:44,789::INFO::__main__C%3A%2FUsers%2Fpr13905%2FAppData%2FRoaming%2FAutodesk%2FAutodesk%20Fusion%20360%2FAPI%2FAddIns%2FfusionLogger%2FfusionLogger_py::Details: None None - None.None@email.com
2019-12-04 15:20:32,043::INFO::__main__C%3A%2FUsers%2Fpr13905%2FAppData%2FRoaming%2FAutodesk%2FAutodesk%20Fusion%20360%2FAPI%2FAddIns%2FfusionLogger%2FfusionLogger_py::Command: something happened 
2019-12-04 15:20:32,044::INFO::__main__C%3A%2FUsers%2Fpr13905%2FAppData%2FRoaming%2FAutodesk%2FAutodesk%20Fusion%20360%2FAPI%2FAddIns%2FfusionLogger%2FfusionLogger_py::Details: None None - None.None@email.com
2019-12-04 16:01:35,825::INFO::__main__C%3A%2FUsers%2Fpr13905%2FAppData%2FRoaming%2FAutodesk%2FAutodesk%20Fusion%20360%2FAPI%2FAddIns%2FfusionLogger%2FfusionLogger_py::Command: something happened 
2019-12-04 16:01:35,825::INFO::__main__C%3A%2FUsers%2Fpr13905%2FAppData%2FRoaming%2FAutodesk%2FAutodesk%20Fusion%20360%2FAPI%2FAddIns%2FfusionLogger%2FfusionLogger_py::Details: None None - None.None@email.com
2019-12-04 16:17:42,566::INFO::__main__C%3A%2FUsers%2Fpr13905%2FAppData%2FRoaming%2FAutodesk%2FAutodesk%20Fusion%20360%2FAPI%2FAddIns%2FfusionLogger%2FfusionLogger_py::Command: something happened 
2019-12-04 16:17:42,566::INFO::__main__C%3A%2FUsers%2Fpr13905%2FAppData%2FRoaming%2FAutodesk%2FAutodesk%20Fusion%20360%2FAPI%2FAddIns%2FfusionLogger%2FfusionLogger_py::Details: None None - None.None@email.com
2019-12-06 11:19:53,615::INFO::__main__C%3A%2FUsers%2Fpr13905%2FAppData%2FRoaming%2FAutodesk%2FAutodesk%20Fusion%20360%2FAPI%2FAddIns%2FfusionLogger%2FfusionLogger_py::Command: something happened 
2019-12-06 11:19:53,616::INFO::__main__C%3A%2FUsers%2Fpr13905%2FAppData%2FRoaming%2FAutodesk%2FAutodesk%20Fusion%20360%2FAPI%2FAddIns%2FfusionLogger%2FfusionLogger_py::Details: None None - None.None@email.com
2019-12-12 09:52:01,899::INFO::__main__C%3A%2FUsers%2Fpr13905%2FAppData%2FRoaming%2FAutodesk%2FAutodesk%20Fusion%20360%2FAPI%2FAddIns%2FfusionLogger%2FfusionLogger_py::Command: something happened 
2019-12-12 09:52:01,899::INFO::__main__C%3A%2FUsers%2Fpr13905%2FAppData%2FRoaming%2FAutodesk%2FAutodesk%20Fusion%20360%2FAPI%2FAddIns%2FfusionLogger%2FfusionLogger_py::Details: None None - None.None@email.com
2019-12-12 16:46:21,317::INFO::__main__C%3A%2FUsers%2Fpr13905%2FAppData%2FRoaming%2FAutodesk%2FAutodesk%20Fusion%20360%2FAPI%2FAddIns%2FfusionLogger%2FfusionLogger_py::Command: something happened 
2019-12-12 16:46:21,317::INFO::__main__C%3A%2FUsers%2Fpr13905%2FAppData%2FRoaming%2FAutodesk%2FAutodesk%20Fusion%20360%2FAPI%2FAddIns%2FfusionLogger%2FfusionLogger_py::Details: None None - None.None@email.com
2019-12-16 10:40:03,260::INFO::__main__C%3A%2FUsers%2Fpr13905%2FAppData%2FRoaming%2FAutodesk%2FAutodesk%20Fusion%20360%2FAPI%2FAddIns%2FfusionLogger%2FfusionLogger_py::Command: something happened 
2019-12-16 10:40:03,260::INFO::__main__C%3A%2FUsers%2Fpr13905%2FAppData%2FRoaming%2FAutodesk%2FAutodesk%20Fusion%20360%2FAPI%2FAddIns%2FfusionLogger%2FfusionLogger_py::Details: None None - None.None@email.com
2019-12-18 17:29:45,813::INFO::__main__C%3A%2FUsers%2Fpr13905%2FAppData%2FRoaming%2FAutodesk%2FAutodesk%20Fusion%20360%2FAPI%2FAddIns%2FfusionLogger%2FfusionLogger_py::Command: something happened 
2019-12-18 17:29:45,814::INFO::__main__C%3A%2FUsers%2Fpr13905%2FAppData%2FRoaming%2FAutodesk%2FAutodesk%20Fusion%20360%2FAPI%2FAddIns%2FfusionLogger%2FfusionLogger_py::Details: None None - None.None@email.com
2020-01-08 11:00:01,422::INFO::__main__C%3A%2FUsers%2Fpr13905%2FAppData%2FRoaming%2FAutodesk%2FAutodesk%20Fusion%20360%2FAPI%2FAddIns%2FfusionLogger%2FfusionLogger_py::Command: something happened 
2020-01-08 11:00:01,422::INFO::__main__C%3A%2FUsers%2Fpr13905%2FAppData%2FRoaming%2FAutodesk%2FAutodesk%20Fusion%20360%2FAPI%2FAddIns%2FfusionLogger%2FfusionLogger_py::Details: None None - None.None@email.com
